2014-07-29 11:04:55 [CommandLine] 

Validating input parameters......
------------------------------

2014-07-29 11:04:55 [ToolkitLib] Read identity from profile: iPhone Distribution: Credit Suisse AG
2014-07-29 11:04:55 [CommandLine] Content path: /Applications/Citrix/MDXToolkit/Data
2014-07-29 11:04:55 [ToolkitLib] ContentPath is /Applications/Citrix/MDXToolkit/Data
2014-07-29 11:04:55 [CommandLine] 

Unzipping......
------------------------------

2014-07-29 11:04:55 [ToolkitLib] newAppID: WW98567843.com.apple.dts.MVCNetworking
2014-07-29 11:04:55 [ToolkitLib] 
2014-07-29 11:04:55 [ToolkitLib] Existing entitlement data is written into: old-Entitlement.plist
2014-07-29 11:04:55 [ToolkitLib] Fixing appID in the new entitlement string...
2014-07-29 11:04:55 [ToolkitLib] new entitlement XML is <?xml version="1.0" encoding="UTF-8"?>
<!DOCTYPE plist PUBLIC "-//Apple//DTD PLIST 1.0//EN" "http://www.apple.com/DTDs/PropertyList-1.0.dtd">
<plist version="1.0">
<dict>
	<key>application-identifier</key>
	<string>WW98567843.com.apple.dts.MVCNetworking</string>
	<key>get-task-allow</key>
	<false/>
	<key>keychain-access-groups</key>
	<array>
		<string>WW98567843.com.apple.dts.MVCNetworking</string>
	</array>
</dict>
</plist>

2014-07-29 11:04:55 [ToolkitLib] Replacing WW98567843 to WW98567843
2014-07-29 11:04:55 [ToolkitLib] Final entitlement XML after string replacement is <?xml version="1.0" encoding="UTF-8"?>
<!DOCTYPE plist PUBLIC "-//Apple//DTD PLIST 1.0//EN" "http://www.apple.com/DTDs/PropertyList-1.0.dtd">
<plist version="1.0">
<dict>
	<key>application-identifier</key>
	<string>WW98567843.com.apple.dts.MVCNetworking</string>
	<key>get-task-allow</key>
	<false/>
	<key>keychain-access-groups</key>
	<array>
		<string>WW98567843.com.apple.dts.MVCNetworking</string>
	</array>
</dict>
</plist>

2014-07-29 11:04:55 [ToolkitLib] new entitlement data is written into :/var/folders/0c/0pljd5fd5sj0fcrtm8k5kgc00000gp/T/8A2DD2B3-BF50-4FE0-8906-A9E7B4BA9BF4-5716-000006D32DC5818B/new-entitlement.plist
2014-07-29 11:04:55 [CommandLine] 

Validating dylib......
------------------------------

2014-07-29 11:04:55 [ToolkitLib] Log: Successfully copied CitrixDyLib from /Applications/Citrix/MDXToolkit/Data/CitrixDylib.bundle to : /var/folders/0c/0pljd5fd5sj0fcrtm8k5kgc00000gp/T/8A2DD2B3-BF50-4FE0-8906-A9E7B4BA9BF4-5716-000006D32DC5818B/Payload/MVCNetworking.app/CitrixDylib.bundle
2014-07-29 11:04:56 [ToolkitLib] MachO binary does not contain arm64
2014-07-29 11:04:56 [CommandLine] 

Rebuilding app......
------------------------------

2014-07-29 11:04:56 [MachO Rebuild Lib] 369040 bytes loaded successfully from file '/var/folders/0c/0pljd5fd5sj0fcrtm8k5kgc00000gp/T/8A2DD2B3-BF50-4FE0-8906-A9E7B4BA9BF4-5716-000006D32DC5818B/Payload/MVCNetworking.app/MVCNetworking-orig'!
2014-07-29 11:04:56 [MachO Rebuild Lib] multi-architecture file
2014-07-29 11:04:56 [MachO Rebuild Lib]  ******** Architecture #1 is cpu type 12, cpu sub type 9 ********
2014-07-29 11:04:56 [MachO Rebuild Lib] Architecture header: number of commands = 26, size of commands = 0xcf0
2014-07-29 11:04:56 [MachO Rebuild Lib] Segment found: __PAGEZERO, fileoff: 0x4000, vmdaddr: 0x0, file size: 0x0
2014-07-29 11:04:56 [MachO Rebuild Lib] Creating placeholder section for segment __PAGEZERO
2014-07-29 11:04:56 [MachO Rebuild Lib] Name of placeholder section: __PAGEZERO, [virt addr = 0x0, offset = 0x0]]
2014-07-29 11:04:56 [MachO Rebuild Lib] Segment found: __TEXT, fileoff: 0x4000, vmdaddr: 0x4000, file size: 0x1c000
2014-07-29 11:04:56 [MachO Rebuild Lib] Section found: __text, real [0x4c90 0x141c4] virt [0x8c90 0x181c4] size [0xf534]
2014-07-29 11:04:56 [MachO Rebuild Lib] Section found: __stub_helper, real [0x141c4 0x145f0] virt [0x181c4 0x185f0] size [0x42c]
2014-07-29 11:04:56 [MachO Rebuild Lib] Section found: __objc_methname, real [0x145f0 0x188d2] virt [0x185f0 0x1c8d2] size [0x42e2]
2014-07-29 11:04:56 [MachO Rebuild Lib] Section found: __cstring, real [0x188d2 0x1afe7] virt [0x1c8d2 0x1efe7] size [0x2715]
2014-07-29 11:04:56 [MachO Rebuild Lib] Section found: __objc_classname__TEXT, real [0x1afe7 0x1b257] virt [0x1efe7 0x1f257] size [0x270]
2014-07-29 11:04:56 [MachO Rebuild Lib] Section found: __objc_methtype, real [0x1b257 0x1bdc0] virt [0x1f257 0x1fdc0] size [0xb69]
2014-07-29 11:04:56 [MachO Rebuild Lib] Section found: __const, real [0x1bdc0 0x1bdf0] virt [0x1fdc0 0x1fdf0] size [0x30]
2014-07-29 11:04:56 [MachO Rebuild Lib] Section found: __ustring, real [0x1bdf0 0x1be16] virt [0x1fdf0 0x1fe16] size [0x26]
2014-07-29 11:04:56 [MachO Rebuild Lib] Section found: __gcc_except_tab__TEXT, real [0x1be18 0x1bea0] virt [0x1fe18 0x1fea0] size [0x88]
2014-07-29 11:04:56 [MachO Rebuild Lib] Section found: __symbolstub1, real [0x1bea0 0x1bff8] virt [0x1fea0 0x1fff8] size [0x158]
2014-07-29 11:04:56 [MachO Rebuild Lib] Segment found: __DATA, fileoff: 0x20000, vmdaddr: 0x20000, file size: 0x8000
2014-07-29 11:04:56 [MachO Rebuild Lib] Section found: __lazy_symbol, real [0x1c000 0x1c158] virt [0x20000 0x20158] size [0x158]
2014-07-29 11:04:56 [MachO Rebuild Lib] Section found: __program_vars, real [0x1c158 0x1c16c] virt [0x20158 0x2016c] size [0x14]
2014-07-29 11:04:56 [MachO Rebuild Lib] Section found: __nl_symbol_ptr, real [0x1c16c 0x1c1f0] virt [0x2016c 0x201f0] size [0x84]
2014-07-29 11:04:56 [MachO Rebuild Lib] Section found: __objc_classlist__DATA, real [0x1c1f0 0x1c240] virt [0x201f0 0x20240] size [0x50]
2014-07-29 11:04:56 [MachO Rebuild Lib] Section found: __objc_nlclslist__DATA, real [0x1c240 0x1c244] virt [0x20240 0x20244] size [0x4]
2014-07-29 11:04:56 [MachO Rebuild Lib] Section found: __objc_protolist__DATA, real [0x1c244 0x1c270] virt [0x20244 0x20270] size [0x2c]
2014-07-29 11:04:56 [MachO Rebuild Lib] Section found: __objc_imageinfo__DATA, real [0x1c270 0x1c278] virt [0x20270 0x20278] size [0x8]
2014-07-29 11:04:56 [MachO Rebuild Lib] Section found: __objc_const, real [0x1c278 0x1f858] virt [0x20278 0x23858] size [0x35e0]
2014-07-29 11:04:56 [MachO Rebuild Lib] Section found: __objc_selrefs, real [0x1f858 0x201ac] virt [0x23858 0x241ac] size [0x954]
2014-07-29 11:04:56 [MachO Rebuild Lib] Section found: __objc_protorefs__DATA, real [0x201ac 0x201b4] virt [0x241ac 0x241b4] size [0x8]
2014-07-29 11:04:56 [MachO Rebuild Lib] Section found: __objc_classrefs__DATA, real [0x201b4 0x202d4] virt [0x241b4 0x242d4] size [0x120]
2014-07-29 11:04:56 [MachO Rebuild Lib] Section found: __objc_superrefs__DATA, real [0x202d4 0x2031c] virt [0x242d4 0x2431c] size [0x48]
2014-07-29 11:04:56 [MachO Rebuild Lib] Section found: __objc_data, real [0x2031c 0x20664] virt [0x2431c 0x24664] size [0x348]
2014-07-29 11:04:56 [MachO Rebuild Lib] Section found: __cfstring, real [0x20664 0x214b4] virt [0x24664 0x254b4] size [0xe50]
2014-07-29 11:04:56 [MachO Rebuild Lib] Section found: __objc_ivar, real [0x214b4 0x21684] virt [0x254b4 0x25684] size [0x1d0]
2014-07-29 11:04:56 [MachO Rebuild Lib] Section found: __data, real [0x21690 0x21910] virt [0x25690 0x25910] size [0x280]
2014-07-29 11:04:56 [MachO Rebuild Lib] Section found: __common, real [0x0 0x10] virt [0x25910 0x25920] size [0x10]
2014-07-29 11:04:56 [MachO Rebuild Lib] Section found: __bss, real [0x0 0x1c] virt [0x25920 0x2593c] size [0x1c]
2014-07-29 11:04:56 [MachO Rebuild Lib] Segment found: __LINKEDIT, fileoff: 0x28000, vmdaddr: 0x28000, file size: 0x61c0
2014-07-29 11:04:56 [MachO Rebuild Lib] Creating placeholder section for segment __LINKEDIT
2014-07-29 11:04:56 [MachO Rebuild Lib] Name of placeholder section: __LINKEDIT, [virt addr = 0x28000, offset = 0x28000]]
2014-07-29 11:04:56 [MachO Rebuild Lib] offset of LINKEDIT = 0x24000, offset of export section = 0x2570c, rel = 0x170c
2014-07-29 11:04:56 [MachO Rebuild Lib] PrefixTree: Terminal found, flags = 0x0, address = 0x0, index = 0x1a: [__mh_execute_header], [ptr to uleb128 = 0x0x7ffc52d0aa3a, NSValue ptr = 0x0x7ffc52d0a1f0
2014-07-29 11:04:56 [MachO Rebuild Lib]  ******** Architecture #2 is cpu type 12, cpu sub type 11 ********
2014-07-29 11:04:56 [MachO Rebuild Lib] Architecture header: number of commands = 26, size of commands = 0xcf0
2014-07-29 11:04:56 [MachO Rebuild Lib] Segment found: __PAGEZERO, fileoff: 0x30000, vmdaddr: 0x0, file size: 0x0
2014-07-29 11:04:56 [MachO Rebuild Lib] Creating placeholder section for segment __PAGEZERO
2014-07-29 11:04:56 [MachO Rebuild Lib] Name of placeholder section: __PAGEZERO, [virt addr = 0x0, offset = 0x0]]
2014-07-29 11:04:56 [MachO Rebuild Lib] Segment found: __TEXT, fileoff: 0x30000, vmdaddr: 0x4000, file size: 0x1c000
2014-07-29 11:04:56 [MachO Rebuild Lib] Section found: __text, real [0x4cc8 0x141ca] virt [0x8cc8 0x181ca] size [0xf502]
2014-07-29 11:04:56 [MachO Rebuild Lib] Section found: __stub_helper, real [0x141cc 0x145ec] virt [0x181cc 0x185ec] size [0x420]
2014-07-29 11:04:56 [MachO Rebuild Lib] Section found: __objc_methname, real [0x145ec 0x188ce] virt [0x185ec 0x1c8ce] size [0x42e2]
2014-07-29 11:04:56 [MachO Rebuild Lib] Section found: __cstring, real [0x188ce 0x1afe3] virt [0x1c8ce 0x1efe3] size [0x2715]
2014-07-29 11:04:56 [MachO Rebuild Lib] Section found: __objc_classname__TEXT, real [0x1afe3 0x1b253] virt [0x1efe3 0x1f253] size [0x270]
2014-07-29 11:04:56 [MachO Rebuild Lib] Section found: __objc_methtype, real [0x1b253 0x1bdbc] virt [0x1f253 0x1fdbc] size [0xb69]
2014-07-29 11:04:56 [MachO Rebuild Lib] Section found: __const, real [0x1bdc0 0x1bdf0] virt [0x1fdc0 0x1fdf0] size [0x30]
2014-07-29 11:04:56 [MachO Rebuild Lib] Section found: __ustring, real [0x1bdf0 0x1be16] virt [0x1fdf0 0x1fe16] size [0x26]
2014-07-29 11:04:56 [MachO Rebuild Lib] Section found: __gcc_except_tab__TEXT, real [0x1be18 0x1bea0] virt [0x1fe18 0x1fea0] size [0x88]
2014-07-29 11:04:56 [MachO Rebuild Lib] Section found: __symbolstub1, real [0x1bea0 0x1bff4] virt [0x1fea0 0x1fff4] size [0x154]
2014-07-29 11:04:56 [MachO Rebuild Lib] Segment found: __DATA, fileoff: 0x4c000, vmdaddr: 0x20000, file size: 0x8000
2014-07-29 11:04:56 [MachO Rebuild Lib] Section found: __lazy_symbol, real [0x1c000 0x1c154] virt [0x20000 0x20154] size [0x154]
2014-07-29 11:04:56 [MachO Rebuild Lib] Section found: __program_vars, real [0x1c154 0x1c168] virt [0x20154 0x20168] size [0x14]
2014-07-29 11:04:56 [MachO Rebuild Lib] Section found: __nl_symbol_ptr, real [0x1c168 0x1c1ec] virt [0x20168 0x201ec] size [0x84]
2014-07-29 11:04:56 [MachO Rebuild Lib] Section found: __objc_classlist__DATA, real [0x1c1ec 0x1c23c] virt [0x201ec 0x2023c] size [0x50]
2014-07-29 11:04:56 [MachO Rebuild Lib] Section found: __objc_nlclslist__DATA, real [0x1c23c 0x1c240] virt [0x2023c 0x20240] size [0x4]
2014-07-29 11:04:56 [MachO Rebuild Lib] Section found: __objc_protolist__DATA, real [0x1c240 0x1c26c] virt [0x20240 0x2026c] size [0x2c]
2014-07-29 11:04:56 [MachO Rebuild Lib] Section found: __objc_imageinfo__DATA, real [0x1c26c 0x1c274] virt [0x2026c 0x20274] size [0x8]
2014-07-29 11:04:56 [MachO Rebuild Lib] Section found: __objc_const, real [0x1c278 0x1f858] virt [0x20278 0x23858] size [0x35e0]
2014-07-29 11:04:56 [MachO Rebuild Lib] Section found: __objc_selrefs, real [0x1f858 0x201ac] virt [0x23858 0x241ac] size [0x954]
2014-07-29 11:04:56 [MachO Rebuild Lib] Section found: __objc_protorefs__DATA, real [0x201ac 0x201b4] virt [0x241ac 0x241b4] size [0x8]
2014-07-29 11:04:56 [MachO Rebuild Lib] Section found: __objc_classrefs__DATA, real [0x201b4 0x202d4] virt [0x241b4 0x242d4] size [0x120]
2014-07-29 11:04:56 [MachO Rebuild Lib] Section found: __objc_superrefs__DATA, real [0x202d4 0x2031c] virt [0x242d4 0x2431c] size [0x48]
2014-07-29 11:04:56 [MachO Rebuild Lib] Section found: __objc_data, real [0x2031c 0x20664] virt [0x2431c 0x24664] size [0x348]
2014-07-29 11:04:56 [MachO Rebuild Lib] Section found: __cfstring, real [0x20664 0x214b4] virt [0x24664 0x254b4] size [0xe50]
2014-07-29 11:04:56 [MachO Rebuild Lib] Section found: __objc_ivar, real [0x214b4 0x21684] virt [0x254b4 0x25684] size [0x1d0]
2014-07-29 11:04:56 [MachO Rebuild Lib] Section found: __data, real [0x21690 0x21910] virt [0x25690 0x25910] size [0x280]
2014-07-29 11:04:56 [MachO Rebuild Lib] Section found: __common, real [0x0 0x10] virt [0x25910 0x25920] size [0x10]
2014-07-29 11:04:56 [MachO Rebuild Lib] Section found: __bss, real [0x0 0x1c] virt [0x25920 0x2593c] size [0x1c]
2014-07-29 11:04:56 [MachO Rebuild Lib] Segment found: __LINKEDIT, fileoff: 0x54000, vmdaddr: 0x28000, file size: 0x6190
2014-07-29 11:04:56 [MachO Rebuild Lib] Creating placeholder section for segment __LINKEDIT
2014-07-29 11:04:56 [MachO Rebuild Lib] Name of placeholder section: __LINKEDIT, [virt addr = 0x28000, offset = 0x28000]]
2014-07-29 11:04:56 [MachO Rebuild Lib] offset of LINKEDIT = 0x24000, offset of export section = 0x256fc, rel = 0x16fc
2014-07-29 11:04:56 [MachO Rebuild Lib] PrefixTree: Terminal found, flags = 0x0, address = 0x0, index = 0x1a: [__mh_execute_header], [ptr to uleb128 = 0x0x7ffc52d491ca, NSValue ptr = 0x0x7ffc52d45ab0
2014-07-29 11:04:56 [MachO Rebuild Lib] WARNING: addCommand: multi-architecture file detected, command will be added to each architecture
2014-07-29 11:04:56 [MachO Rebuild Lib] Inserting new command at location 23/26, size is 80
2014-07-29 11:04:56 [MachO Rebuild Lib] Changing size of commands in header from 3312 to 3392
2014-07-29 11:04:56 [MachO Rebuild Lib] Commands [0xd40] are not overlapping with __text [0x4c90], nothing to adjust
2014-07-29 11:04:56 [MachO Rebuild Lib] Inserting new command at location 23/26, size is 80
2014-07-29 11:04:56 [MachO Rebuild Lib] Changing size of commands in header from 3312 to 3392
2014-07-29 11:04:56 [MachO Rebuild Lib] Commands [0xd40] are not overlapping with __text [0x4cc8], nothing to adjust
2014-07-29 11:04:56 [MachO Rebuild Lib] Section_LINKEDIT: setLibraryOrdinalForLazyBindSymbol: set ordinal of 12 for _SCNetworkReachabilityCreateWithAddress
2014-07-29 11:04:56 [MachO Rebuild Lib] Section_LINKEDIT: setLibraryOrdinalForLazyBindSymbol: set ordinal of 12 for _SCNetworkReachabilityCreateWithAddress
2014-07-29 11:04:56 [MachO Rebuild Lib] Section_LINKEDIT: setLibraryOrdinalForLazyBindSymbol: set ordinal of 12 for _SCNetworkReachabilityCreateWithAddressPair
2014-07-29 11:04:56 [MachO Rebuild Lib] Section_LINKEDIT: setLibraryOrdinalForLazyBindSymbol: set ordinal of 12 for _SCNetworkReachabilityCreateWithAddressPair
2014-07-29 11:04:56 [MachO Rebuild Lib] Section_LINKEDIT: setLibraryOrdinalForLazyBindSymbol: set ordinal of 12 for _SCNetworkReachabilityCreateWithName
2014-07-29 11:04:56 [MachO Rebuild Lib] Section_LINKEDIT: renameLazyBindSymbol: rename from _SCNetworkReachabilityCreateWithName to _SCNetworkReachabilityCreateWithNHK
2014-07-29 11:04:56 [MachO Rebuild Lib] Section_LINKEDIT: setLibraryOrdinalForLazyBindSymbol: set ordinal of 12 for _SCNetworkReachabilityCreateWithName
2014-07-29 11:04:56 [MachO Rebuild Lib] Section_LINKEDIT: renameLazyBindSymbol: rename from _SCNetworkReachabilityCreateWithName to _SCNetworkReachabilityCreateWithNHK
2014-07-29 11:04:56 [MachO Rebuild Lib] Section_LINKEDIT: setLibraryOrdinalForLazyBindSymbol: set ordinal of 12 for _SCNetworkReachabilityGetFlags
2014-07-29 11:04:56 [MachO Rebuild Lib] Section_LINKEDIT: setLibraryOrdinalForLazyBindSymbol: set ordinal of 12 for _SCNetworkReachabilityGetFlags
2014-07-29 11:04:56 [MachO Rebuild Lib] Section_LINKEDIT: setLibraryOrdinalForLazyBindSymbol: set ordinal of 12 for _SCNetworkReachabilityScheduleWithRunLoop
2014-07-29 11:04:56 [MachO Rebuild Lib] Section_LINKEDIT: renameLazyBindSymbol: rename from _SCNetworkReachabilityScheduleWithRunLoop to _SCNetworkReachabilityScheduleWithRunLHK
2014-07-29 11:04:56 [MachO Rebuild Lib] Section_LINKEDIT: setLibraryOrdinalForLazyBindSymbol: set ordinal of 12 for _SCNetworkReachabilityScheduleWithRunLoop
2014-07-29 11:04:56 [MachO Rebuild Lib] Section_LINKEDIT: renameLazyBindSymbol: rename from _SCNetworkReachabilityScheduleWithRunLoop to _SCNetworkReachabilityScheduleWithRunLHK
2014-07-29 11:04:56 [MachO Rebuild Lib] Section_LINKEDIT: setLibraryOrdinalForLazyBindSymbol: set ordinal of 12 for _SCNetworkReachabilityUnscheduleWithRunLoop
2014-07-29 11:04:56 [MachO Rebuild Lib] Section_LINKEDIT: setLibraryOrdinalForLazyBindSymbol: set ordinal of 12 for _SCNetworkReachabilityUnscheduleWithRunLoop
2014-07-29 11:04:56 [MachO Rebuild Lib] Section_LINKEDIT: setLibraryOrdinalForLazyBindSymbol: set ordinal of 12 for _SCNetworkReachabilitySetCallback
2014-07-29 11:04:56 [MachO Rebuild Lib] Section_LINKEDIT: renameLazyBindSymbol: rename from _SCNetworkReachabilitySetCallback to _SCNetworkReachabilitySetCallbHK
2014-07-29 11:04:56 [MachO Rebuild Lib] Section_LINKEDIT: setLibraryOrdinalForLazyBindSymbol: set ordinal of 12 for _SCNetworkReachabilitySetCallback
2014-07-29 11:04:56 [MachO Rebuild Lib] Section_LINKEDIT: renameLazyBindSymbol: rename from _SCNetworkReachabilitySetCallback to _SCNetworkReachabilitySetCallbHK
2014-07-29 11:04:56 [MachO Rebuild Lib] Section_LINKEDIT: setLibraryOrdinalForLazyBindSymbol: set ordinal of 12 for _connect
2014-07-29 11:04:56 [MachO Rebuild Lib] Section_LINKEDIT: setLibraryOrdinalForLazyBindSymbol: set ordinal of 12 for _connect
2014-07-29 11:04:56 [MachO Rebuild Lib] Section_LINKEDIT: setLibraryOrdinalForLazyBindSymbol: set ordinal of 12 for _bind
2014-07-29 11:04:56 [MachO Rebuild Lib] Section_LINKEDIT: setLibraryOrdinalForLazyBindSymbol: set ordinal of 12 for _bind
2014-07-29 11:04:56 [MachO Rebuild Lib] Section_LINKEDIT: setLibraryOrdinalForLazyBindSymbol: set ordinal of 12 for _gethostbyname
2014-07-29 11:04:56 [MachO Rebuild Lib] Section_LINKEDIT: setLibraryOrdinalForLazyBindSymbol: set ordinal of 12 for _gethostbyname
2014-07-29 11:04:56 [MachO Rebuild Lib] Section_LINKEDIT: setLibraryOrdinalForLazyBindSymbol: set ordinal of 12 for _sendto
2014-07-29 11:04:56 [MachO Rebuild Lib] Section_LINKEDIT: setLibraryOrdinalForLazyBindSymbol: set ordinal of 12 for _sendto
2014-07-29 11:04:56 [MachO Rebuild Lib] Section_LINKEDIT: setLibraryOrdinalForLazyBindSymbol: set ordinal of 12 for _recvfrom
2014-07-29 11:04:56 [MachO Rebuild Lib] Section_LINKEDIT: setLibraryOrdinalForLazyBindSymbol: set ordinal of 12 for _recvfrom
2014-07-29 11:04:56 [MachO Rebuild Lib] Section_LINKEDIT: setLibraryOrdinalForLazyBindSymbol: set ordinal of 12 for _res_query
2014-07-29 11:04:56 [MachO Rebuild Lib] Section_LINKEDIT: setLibraryOrdinalForLazyBindSymbol: set ordinal of 12 for _res_query
2014-07-29 11:04:56 [MachO Rebuild Lib] Section_LINKEDIT: setLibraryOrdinalForLazyBindSymbol: set ordinal of 12 for _gethostbyaddr
2014-07-29 11:04:56 [MachO Rebuild Lib] Section_LINKEDIT: setLibraryOrdinalForLazyBindSymbol: set ordinal of 12 for _gethostbyaddr
2014-07-29 11:04:56 [MachO Rebuild Lib] Section_LINKEDIT: setLibraryOrdinalForLazyBindSymbol: set ordinal of 12 for _CFHostCreateWithAddress
2014-07-29 11:04:56 [MachO Rebuild Lib] Section_LINKEDIT: setLibraryOrdinalForLazyBindSymbol: set ordinal of 12 for _CFHostCreateWithAddress
2014-07-29 11:04:56 [MachO Rebuild Lib] Section_LINKEDIT: setLibraryOrdinalForLazyBindSymbol: set ordinal of 12 for _CFHostCreateWithName
2014-07-29 11:04:56 [MachO Rebuild Lib] Section_LINKEDIT: setLibraryOrdinalForLazyBindSymbol: set ordinal of 12 for _CFHostCreateWithName
2014-07-29 11:04:56 [MachO Rebuild Lib] Section_LINKEDIT: setLibraryOrdinalForLazyBindSymbol: set ordinal of 12 for _CFHostStartInfoResolution
2014-07-29 11:04:56 [MachO Rebuild Lib] Section_LINKEDIT: setLibraryOrdinalForLazyBindSymbol: set ordinal of 12 for _CFHostStartInfoResolution
2014-07-29 11:04:56 [MachO Rebuild Lib] Section_LINKEDIT: setLibraryOrdinalForLazyBindSymbol: set ordinal of 12 for _CFHostScheduleWithRunLoop
2014-07-29 11:04:56 [MachO Rebuild Lib] Section_LINKEDIT: setLibraryOrdinalForLazyBindSymbol: set ordinal of 12 for _CFHostScheduleWithRunLoop
2014-07-29 11:04:56 [MachO Rebuild Lib] Section_LINKEDIT: setLibraryOrdinalForLazyBindSymbol: set ordinal of 12 for _CFHostSetClient
2014-07-29 11:04:56 [MachO Rebuild Lib] Section_LINKEDIT: setLibraryOrdinalForLazyBindSymbol: set ordinal of 12 for _CFHostSetClient
2014-07-29 11:04:56 [MachO Rebuild Lib] Section_LINKEDIT: setLibraryOrdinalForLazyBindSymbol: set ordinal of 12 for _CFHostGetAddressing
2014-07-29 11:04:56 [MachO Rebuild Lib] Section_LINKEDIT: setLibraryOrdinalForLazyBindSymbol: set ordinal of 12 for _CFHostGetAddressing
2014-07-29 11:04:56 [MachO Rebuild Lib] Section_LINKEDIT: setLibraryOrdinalForLazyBindSymbol: set ordinal of 12 for _CFHostUnscheduleFromRunLoop
2014-07-29 11:04:56 [MachO Rebuild Lib] Section_LINKEDIT: setLibraryOrdinalForLazyBindSymbol: set ordinal of 12 for _CFHostUnscheduleFromRunLoop
2014-07-29 11:04:56 [MachO Rebuild Lib] Section_LINKEDIT: setLibraryOrdinalForLazyBindSymbol: set ordinal of 12 for _CFHostCancelInfoResolution
2014-07-29 11:04:56 [MachO Rebuild Lib] Section_LINKEDIT: setLibraryOrdinalForLazyBindSymbol: set ordinal of 12 for _CFHostCancelInfoResolution
2014-07-29 11:04:56 [MachO Rebuild Lib] Section_LINKEDIT: setLibraryOrdinalForLazyBindSymbol: set ordinal of 12 for _CFStreamCreatePairWithSocket
2014-07-29 11:04:56 [MachO Rebuild Lib] Section_LINKEDIT: setLibraryOrdinalForLazyBindSymbol: set ordinal of 12 for _CFStreamCreatePairWithSocket
2014-07-29 11:04:56 [MachO Rebuild Lib] Section_LINKEDIT: setLibraryOrdinalForLazyBindSymbol: set ordinal of 12 for _CFStreamCreatePairWithSocketToHost
2014-07-29 11:04:56 [MachO Rebuild Lib] Section_LINKEDIT: setLibraryOrdinalForLazyBindSymbol: set ordinal of 12 for _CFStreamCreatePairWithSocketToHost
2014-07-29 11:04:56 [MachO Rebuild Lib] Section_LINKEDIT: setLibraryOrdinalForLazyBindSymbol: set ordinal of 12 for _CFStreamCreatePairWithSocketToCFHost
2014-07-29 11:04:56 [MachO Rebuild Lib] Section_LINKEDIT: setLibraryOrdinalForLazyBindSymbol: set ordinal of 12 for _CFStreamCreatePairWithSocketToCFHost
2014-07-29 11:04:56 [MachO Rebuild Lib] Section_LINKEDIT: setLibraryOrdinalForLazyBindSymbol: set ordinal of 12 for _CFStreamCreatePairWithPeerSocketSignature
2014-07-29 11:04:56 [MachO Rebuild Lib] Section_LINKEDIT: setLibraryOrdinalForLazyBindSymbol: set ordinal of 12 for _CFStreamCreatePairWithPeerSocketSignature
2014-07-29 11:04:56 [MachO Rebuild Lib] Section_LINKEDIT: setLibraryOrdinalForLazyBindSymbol: set ordinal of 12 for _CFReadStreamSetProperty
2014-07-29 11:04:56 [MachO Rebuild Lib] Section_LINKEDIT: setLibraryOrdinalForLazyBindSymbol: set ordinal of 12 for _CFReadStreamSetProperty
2014-07-29 11:04:56 [MachO Rebuild Lib] Section_LINKEDIT: setLibraryOrdinalForLazyBindSymbol: set ordinal of 12 for _CFWriteStreamSetProperty
2014-07-29 11:04:56 [MachO Rebuild Lib] Section_LINKEDIT: setLibraryOrdinalForLazyBindSymbol: set ordinal of 12 for _CFWriteStreamSetProperty
2014-07-29 11:04:56 [MachO Rebuild Lib] Section_LINKEDIT: setLibraryOrdinalForLazyBindSymbol: set ordinal of 12 for _CFReadStreamCreateForHTTPRequest
2014-07-29 11:04:56 [MachO Rebuild Lib] Section_LINKEDIT: setLibraryOrdinalForLazyBindSymbol: set ordinal of 12 for _CFReadStreamCreateForHTTPRequest
2014-07-29 11:04:56 [MachO Rebuild Lib] Section_LINKEDIT: setLibraryOrdinalForLazyBindSymbol: set ordinal of 12 for _CFReadStreamCreateForStreamedHTTPRequest
2014-07-29 11:04:56 [MachO Rebuild Lib] Section_LINKEDIT: setLibraryOrdinalForLazyBindSymbol: set ordinal of 12 for _CFReadStreamCreateForStreamedHTTPRequest
2014-07-29 11:04:56 [MachO Rebuild Lib] Section_LINKEDIT: setLibraryOrdinalForLazyBindSymbol: set ordinal of 12 for _CFWriteStreamGetError
2014-07-29 11:04:56 [MachO Rebuild Lib] Section_LINKEDIT: setLibraryOrdinalForLazyBindSymbol: set ordinal of 12 for _CFWriteStreamGetError
2014-07-29 11:04:56 [MachO Rebuild Lib] Section_LINKEDIT: setLibraryOrdinalForLazyBindSymbol: set ordinal of 12 for _CFWriteStreamCopyError
2014-07-29 11:04:56 [MachO Rebuild Lib] Section_LINKEDIT: setLibraryOrdinalForLazyBindSymbol: set ordinal of 12 for _CFWriteStreamCopyError
2014-07-29 11:04:56 [MachO Rebuild Lib] Section_LINKEDIT: setLibraryOrdinalForLazyBindSymbol: set ordinal of 12 for _CFReadStreamGetError
2014-07-29 11:04:56 [MachO Rebuild Lib] Section_LINKEDIT: setLibraryOrdinalForLazyBindSymbol: set ordinal of 12 for _CFReadStreamGetError
2014-07-29 11:04:56 [MachO Rebuild Lib] Section_LINKEDIT: setLibraryOrdinalForLazyBindSymbol: set ordinal of 12 for _CFReadStreamCopyError
2014-07-29 11:04:56 [MachO Rebuild Lib] Section_LINKEDIT: setLibraryOrdinalForLazyBindSymbol: set ordinal of 12 for _CFReadStreamCopyError
2014-07-29 11:04:56 [MachO Rebuild Lib] Section_LINKEDIT: setLibraryOrdinalForLazyBindSymbol: set ordinal of 12 for _CFNetworkCopySystemProxySettings
2014-07-29 11:04:56 [MachO Rebuild Lib] Section_LINKEDIT: setLibraryOrdinalForLazyBindSymbol: set ordinal of 12 for _CFNetworkCopySystemProxySettings
2014-07-29 11:04:56 [MachO Rebuild Lib] Section_LINKEDIT: setLibraryOrdinalForLazyBindSymbol: set ordinal of 12 for _CFNetworkCopyProxiesForURL
2014-07-29 11:04:56 [MachO Rebuild Lib] Section_LINKEDIT: setLibraryOrdinalForLazyBindSymbol: set ordinal of 12 for _CFNetworkCopyProxiesForURL
2014-07-29 11:04:56 [MachO Rebuild Lib] Section_LINKEDIT: setLibraryOrdinalForLazyBindSymbol: set ordinal of 12 for _CFWriteStreamOpen
2014-07-29 11:04:56 [MachO Rebuild Lib] Section_LINKEDIT: setLibraryOrdinalForLazyBindSymbol: set ordinal of 12 for _CFWriteStreamOpen
2014-07-29 11:04:56 [MachO Rebuild Lib] Section_LINKEDIT: setLibraryOrdinalForLazyBindSymbol: set ordinal of 12 for _CFReadStreamOpen
2014-07-29 11:04:56 [MachO Rebuild Lib] Section_LINKEDIT: setLibraryOrdinalForLazyBindSymbol: set ordinal of 12 for _CFReadStreamOpen
2014-07-29 11:04:56 [MachO Rebuild Lib] Section_LINKEDIT: setLibraryOrdinalForLazyBindSymbol: set ordinal of 12 for _CFSocketCreate
2014-07-29 11:04:56 [MachO Rebuild Lib] Section_LINKEDIT: setLibraryOrdinalForLazyBindSymbol: set ordinal of 12 for _CFSocketCreate
2014-07-29 11:04:56 [MachO Rebuild Lib] Section_LINKEDIT: setLibraryOrdinalForLazyBindSymbol: set ordinal of 12 for _CFSocketConnectToAddress
2014-07-29 11:04:56 [MachO Rebuild Lib] Section_LINKEDIT: setLibraryOrdinalForLazyBindSymbol: set ordinal of 12 for _CFSocketConnectToAddress
2014-07-29 11:04:56 [MachO Rebuild Lib] Section_LINKEDIT: setLibraryOrdinalForLazyBindSymbol: set ordinal of 12 for _CFSocketSendData
2014-07-29 11:04:56 [MachO Rebuild Lib] Section_LINKEDIT: setLibraryOrdinalForLazyBindSymbol: set ordinal of 12 for _CFSocketSendData
2014-07-29 11:04:56 [MachO Rebuild Lib] Section_LINKEDIT: setLibraryOrdinalForLazyBindSymbol: set ordinal of 12 for _CFSocketCreateRunLoopSource
2014-07-29 11:04:56 [MachO Rebuild Lib] Section_LINKEDIT: setLibraryOrdinalForLazyBindSymbol: set ordinal of 12 for _CFSocketCreateRunLoopSource
2014-07-29 11:04:56 [MachO Rebuild Lib] Section_LINKEDIT: setLibraryOrdinalForLazyBindSymbol: set ordinal of 12 for _CFSocketInvalidate
2014-07-29 11:04:56 [MachO Rebuild Lib] Section_LINKEDIT: setLibraryOrdinalForLazyBindSymbol: set ordinal of 12 for _CFSocketInvalidate
2014-07-29 11:04:56 [MachO Rebuild Lib] Section_LINKEDIT: setLibraryOrdinalForLazyBindSymbol: set ordinal of 12 for _CFReadStreamCreateWithFTPURL
2014-07-29 11:04:56 [MachO Rebuild Lib] Section_LINKEDIT: setLibraryOrdinalForLazyBindSymbol: set ordinal of 12 for _CFReadStreamCreateWithFTPURL
2014-07-29 11:04:56 [MachO Rebuild Lib] Section_LINKEDIT: setLibraryOrdinalForLazyBindSymbol: set ordinal of 12 for _CFWriteStreamCreateWithFTPURL
2014-07-29 11:04:56 [MachO Rebuild Lib] Section_LINKEDIT: setLibraryOrdinalForLazyBindSymbol: set ordinal of 12 for _CFWriteStreamCreateWithFTPURL
2014-07-29 11:04:56 [MachO Rebuild Lib] Section_LINKEDIT: setLibraryOrdinalForLazyBindSymbol: set ordinal of 12 for _AudioUnitSetProperty
2014-07-29 11:04:56 [MachO Rebuild Lib] Section_LINKEDIT: setLibraryOrdinalForLazyBindSymbol: set ordinal of 12 for _AudioUnitSetProperty
2014-07-29 11:04:56 [MachO Rebuild Lib] Section_LINKEDIT: setLibraryOrdinalForLazyBindSymbol: set ordinal of 12 for _AudioUnitRender
2014-07-29 11:04:56 [MachO Rebuild Lib] Section_LINKEDIT: setLibraryOrdinalForLazyBindSymbol: set ordinal of 12 for _AudioUnitRender
2014-07-29 11:04:56 [MachO Rebuild Lib] MachOCommand: fillData: cmd 1 at location 0x401c, size 56 (filesize = 0x0)

2014-07-29 11:04:56 [MachO Rebuild Lib] MachOCommand: fillData: cmd 1 at location 0x4054, size 56 (filesize = 0x1c000)

2014-07-29 11:04:56 [MachO Rebuild Lib] MachOCommand: fillData: cmd 1 at location 0x4334, size 56 (filesize = 0x8000)

2014-07-29 11:04:56 [MachO Rebuild Lib] MachOCommand: fillData: cmd 1 at location 0x4834, size 56 (filesize = 0x61c0)

2014-07-29 11:04:56 [MachO Rebuild Lib] fillData on section __PAGEZERO: archStart = 0x4000, location = 0x4000, size = 0x0
2014-07-29 11:04:56 [MachO Rebuild Lib] fillData on section __text: archStart = 0x4000, location = 0x8c90, size = 0xf534
2014-07-29 11:04:56 [MachO Rebuild Lib] fillData on section __stub_helper: archStart = 0x4000, location = 0x181c4, size = 0x42c
2014-07-29 11:04:56 [MachO Rebuild Lib] fillData on section __objc_methname: archStart = 0x4000, location = 0x185f0, size = 0x42e2
2014-07-29 11:04:56 [MachO Rebuild Lib] fillData on section __cstring: archStart = 0x4000, location = 0x1c8d2, size = 0x2715
2014-07-29 11:04:56 [MachO Rebuild Lib] fillData on section __objc_classname__TEXT: archStart = 0x4000, location = 0x1efe7, size = 0x270
2014-07-29 11:04:56 [MachO Rebuild Lib] fillData on section __objc_methtype: archStart = 0x4000, location = 0x1f257, size = 0xb69
2014-07-29 11:04:56 [MachO Rebuild Lib] fillData on section __const: archStart = 0x4000, location = 0x1fdc0, size = 0x30
2014-07-29 11:04:56 [MachO Rebuild Lib] fillData on section __ustring: archStart = 0x4000, location = 0x1fdf0, size = 0x26
2014-07-29 11:04:56 [MachO Rebuild Lib] fillData on section __gcc_except_tab__TEXT: archStart = 0x4000, location = 0x1fe18, size = 0x88
2014-07-29 11:04:56 [MachO Rebuild Lib] fillData on section __symbolstub1: archStart = 0x4000, location = 0x1fea0, size = 0x158
2014-07-29 11:04:56 [MachO Rebuild Lib] fillData on section __lazy_symbol: archStart = 0x4000, location = 0x20000, size = 0x158
2014-07-29 11:04:56 [MachO Rebuild Lib] fillData on section __program_vars: archStart = 0x4000, location = 0x20158, size = 0x14
2014-07-29 11:04:56 [MachO Rebuild Lib] fillData on section __nl_symbol_ptr: archStart = 0x4000, location = 0x2016c, size = 0x84
2014-07-29 11:04:56 [MachO Rebuild Lib] fillData on section __objc_classlist__DATA: archStart = 0x4000, location = 0x201f0, size = 0x50
2014-07-29 11:04:56 [MachO Rebuild Lib] fillData on section __objc_nlclslist__DATA: archStart = 0x4000, location = 0x20240, size = 0x4
2014-07-29 11:04:56 [MachO Rebuild Lib] fillData on section __objc_protolist__DATA: archStart = 0x4000, location = 0x20244, size = 0x2c
2014-07-29 11:04:56 [MachO Rebuild Lib] fillData on section __objc_imageinfo__DATA: archStart = 0x4000, location = 0x20270, size = 0x8
2014-07-29 11:04:56 [MachO Rebuild Lib] fillData on section __objc_const: archStart = 0x4000, location = 0x20278, size = 0x35e0
2014-07-29 11:04:56 [MachO Rebuild Lib] fillData on section __objc_selrefs: archStart = 0x4000, location = 0x23858, size = 0x954
2014-07-29 11:04:56 [MachO Rebuild Lib] fillData on section __objc_protorefs__DATA: archStart = 0x4000, location = 0x241ac, size = 0x8
2014-07-29 11:04:56 [MachO Rebuild Lib] fillData on section __objc_classrefs__DATA: archStart = 0x4000, location = 0x241b4, size = 0x120
2014-07-29 11:04:56 [MachO Rebuild Lib] fillData on section __objc_superrefs__DATA: archStart = 0x4000, location = 0x242d4, size = 0x48
2014-07-29 11:04:56 [MachO Rebuild Lib] fillData on section __objc_data: archStart = 0x4000, location = 0x2431c, size = 0x348
2014-07-29 11:04:56 [MachO Rebuild Lib] fillData on section __cfstring: archStart = 0x4000, location = 0x24664, size = 0xe50
2014-07-29 11:04:56 [MachO Rebuild Lib] fillData on section __objc_ivar: archStart = 0x4000, location = 0x254b4, size = 0x1d0
2014-07-29 11:04:56 [MachO Rebuild Lib] fillData on section __data: archStart = 0x4000, location = 0x25690, size = 0x280
2014-07-29 11:04:56 [MachO Rebuild Lib] IGNORING fillData on section __common  (due to S_ZEROFILL flag): archStart = 0x4000, location = 0x4000, size = 0x10
2014-07-29 11:04:56 [MachO Rebuild Lib] IGNORING fillData on section __bss  (due to S_ZEROFILL flag): archStart = 0x4000, location = 0x4000, size = 0x1c
2014-07-29 11:04:56 [MachO Rebuild Lib] fillData on section __LINKEDIT: archStart = 0x4000, location = 0x28000, size = 0x61c0
2014-07-29 11:04:56 [MachO Rebuild Lib] fillData on BindSequence: archStart = 0x4000, location = 0x28e5c, size = 0x8b0
2014-07-29 11:04:56 [MachO Rebuild Lib] fillData on BindSequence: archStart = 0x4000, location = 0x28000, size = 0xe5c
2014-07-29 11:04:56 [MachO Rebuild Lib] fillData on FunctionStarts: archStart = 0x4000, location = 0x29778, size = 0x254
2014-07-29 11:04:56 [MachO Rebuild Lib] MachOCommand: fillData: cmd 1 at location 0x3001c, size 56 (filesize = 0x0)

2014-07-29 11:04:56 [MachO Rebuild Lib] MachOCommand: fillData: cmd 1 at location 0x30054, size 56 (filesize = 0x1c000)

2014-07-29 11:04:56 [MachO Rebuild Lib] MachOCommand: fillData: cmd 1 at location 0x30334, size 56 (filesize = 0x8000)

2014-07-29 11:04:56 [MachO Rebuild Lib] MachOCommand: fillData: cmd 1 at location 0x30834, size 56 (filesize = 0x6190)

2014-07-29 11:04:56 [MachO Rebuild Lib] fillData on section __PAGEZERO: archStart = 0x30000, location = 0x30000, size = 0x0
2014-07-29 11:04:56 [MachO Rebuild Lib] fillData on section __text: archStart = 0x30000, location = 0x34cc8, size = 0xf502
2014-07-29 11:04:56 [MachO Rebuild Lib] fillData on section __stub_helper: archStart = 0x30000, location = 0x441cc, size = 0x420
2014-07-29 11:04:56 [MachO Rebuild Lib] fillData on section __objc_methname: archStart = 0x30000, location = 0x445ec, size = 0x42e2
2014-07-29 11:04:56 [MachO Rebuild Lib] fillData on section __cstring: archStart = 0x30000, location = 0x488ce, size = 0x2715
2014-07-29 11:04:56 [MachO Rebuild Lib] fillData on section __objc_classname__TEXT: archStart = 0x30000, location = 0x4afe3, size = 0x270
2014-07-29 11:04:56 [MachO Rebuild Lib] fillData on section __objc_methtype: archStart = 0x30000, location = 0x4b253, size = 0xb69
2014-07-29 11:04:56 [MachO Rebuild Lib] fillData on section __const: archStart = 0x30000, location = 0x4bdc0, size = 0x30
2014-07-29 11:04:56 [MachO Rebuild Lib] fillData on section __ustring: archStart = 0x30000, location = 0x4bdf0, size = 0x26
2014-07-29 11:04:56 [MachO Rebuild Lib] fillData on section __gcc_except_tab__TEXT: archStart = 0x30000, location = 0x4be18, size = 0x88
2014-07-29 11:04:56 [MachO Rebuild Lib] fillData on section __symbolstub1: archStart = 0x30000, location = 0x4bea0, size = 0x154
2014-07-29 11:04:56 [MachO Rebuild Lib] fillData on section __lazy_symbol: archStart = 0x30000, location = 0x4c000, size = 0x154
2014-07-29 11:04:56 [MachO Rebuild Lib] fillData on section __program_vars: archStart = 0x30000, location = 0x4c154, size = 0x14
2014-07-29 11:04:56 [MachO Rebuild Lib] fillData on section __nl_symbol_ptr: archStart = 0x30000, location = 0x4c168, size = 0x84
2014-07-29 11:04:56 [MachO Rebuild Lib] fillData on section __objc_classlist__DATA: archStart = 0x30000, location = 0x4c1ec, size = 0x50
2014-07-29 11:04:56 [MachO Rebuild Lib] fillData on section __objc_nlclslist__DATA: archStart = 0x30000, location = 0x4c23c, size = 0x4
2014-07-29 11:04:56 [MachO Rebuild Lib] fillData on section __objc_protolist__DATA: archStart = 0x30000, location = 0x4c240, size = 0x2c
2014-07-29 11:04:56 [MachO Rebuild Lib] fillData on section __objc_imageinfo__DATA: archStart = 0x30000, location = 0x4c26c, size = 0x8
2014-07-29 11:04:56 [MachO Rebuild Lib] fillData on section __objc_const: archStart = 0x30000, location = 0x4c278, size = 0x35e0
2014-07-29 11:04:56 [MachO Rebuild Lib] fillData on section __objc_selrefs: archStart = 0x30000, location = 0x4f858, size = 0x954
2014-07-29 11:04:56 [MachO Rebuild Lib] fillData on section __objc_protorefs__DATA: archStart = 0x30000, location = 0x501ac, size = 0x8
2014-07-29 11:04:56 [MachO Rebuild Lib] fillData on section __objc_classrefs__DATA: archStart = 0x30000, location = 0x501b4, size = 0x120
2014-07-29 11:04:56 [MachO Rebuild Lib] fillData on section __objc_superrefs__DATA: archStart = 0x30000, location = 0x502d4, size = 0x48
2014-07-29 11:04:56 [MachO Rebuild Lib] fillData on section __objc_data: archStart = 0x30000, location = 0x5031c, size = 0x348
2014-07-29 11:04:56 [MachO Rebuild Lib] fillData on section __cfstring: archStart = 0x30000, location = 0x50664, size = 0xe50
2014-07-29 11:04:56 [MachO Rebuild Lib] fillData on section __objc_ivar: archStart = 0x30000, location = 0x514b4, size = 0x1d0
2014-07-29 11:04:56 [MachO Rebuild Lib] fillData on section __data: archStart = 0x30000, location = 0x51690, size = 0x280
2014-07-29 11:04:56 [MachO Rebuild Lib] IGNORING fillData on section __common  (due to S_ZEROFILL flag): archStart = 0x30000, location = 0x30000, size = 0x10
2014-07-29 11:04:56 [MachO Rebuild Lib] IGNORING fillData on section __bss  (due to S_ZEROFILL flag): archStart = 0x30000, location = 0x30000, size = 0x1c
2014-07-29 11:04:56 [MachO Rebuild Lib] fillData on section __LINKEDIT: archStart = 0x30000, location = 0x54000, size = 0x6190
2014-07-29 11:04:56 [MachO Rebuild Lib] fillData on BindSequence: archStart = 0x30000, location = 0x54e5c, size = 0x8a0
2014-07-29 11:04:56 [MachO Rebuild Lib] fillData on BindSequence: archStart = 0x30000, location = 0x54000, size = 0xe5c
2014-07-29 11:04:56 [MachO Rebuild Lib] fillData on FunctionStarts: archStart = 0x30000, location = 0x55768, size = 0x254
2014-07-29 11:04:56 [MachO Rebuild Lib] Writing 369040 bytes to /var/folders/0c/0pljd5fd5sj0fcrtm8k5kgc00000gp/T/8A2DD2B3-BF50-4FE0-8906-A9E7B4BA9BF4-5716-000006D32DC5818B/Payload/MVCNetworking.app/MVCNetworking
2014-07-29 11:04:56 [CommandLine] 

Copying resource files......
------------------------------

2014-07-29 11:04:56 [CommandLine] 

Generating manifest xml......
------------------------------

2014-07-29 11:04:56 [CommandLine] 

Copying icon files......
------------------------------

2014-07-29 11:04:56 [CommandLine] 

Code signing......
------------------------------

2014-07-29 11:04:56 [ToolkitLib] 
2014-07-29 11:04:56 [ToolkitLib] 
2014-07-29 11:04:56 [CommandLine] 

Generating ipa file......
------------------------------

2014-07-29 11:04:57 [ToolkitLib] 
2014-07-29 11:04:57 [ToolkitLib] Generated output ipa file at: /var/folders/0c/0pljd5fd5sj0fcrtm8k5kgc00000gp/T/8A2DD2B3-BF50-4FE0-8906-A9E7B4BA9BF4-5716-000006D32DC5818B/CITRIX_PACKAGE/MVCNetworking.ipa
2014-07-29 11:04:57 [ToolkitLib]     cryptid   0
    cryptid   0

2014-07-29 11:04:57 [CommandLine] 

Generating package file......
------------------------------

2014-07-29 11:04:57 [ToolkitLib] 
2014-07-29 11:04:57 [ToolkitLib] Generated output ipa file at: /var/folders/0c/0pljd5fd5sj0fcrtm8k5kgc00000gp/T/8A2DD2B3-BF50-4FE0-8906-A9E7B4BA9BF4-5716-000006D32DC5818B/CITRIX_PACKAGE/4FAECDD2-0B63-43E6-A1EF-52AAC0078EA8-5716-000006D3BAE9F783.zip
2014-07-29 11:04:57 [ToolkitLib] WARNING! The target file already exists. Deleting original file.
2014-07-29 11:04:57 [CommandLine] 
********Citrix mobile app was created successfully.********




2014-07-29 11:09:49 [CommandLine] 

Validating input parameters......
------------------------------

2014-07-29 11:09:49 [ToolkitLib] Read identity from profile: iPhone Distribution: Credit Suisse AG
2014-07-29 11:09:49 [CommandLine] Content path: /Applications/Citrix/MDXToolkit/Data
2014-07-29 11:09:49 [ToolkitLib] ContentPath is /Applications/Citrix/MDXToolkit/Data
2014-07-29 11:09:49 [CommandLine] 

Unzipping......
------------------------------

2014-07-29 11:09:50 [ToolkitLib] newAppID: WW98567843.com.apple.dts.MVCNetworking
2014-07-29 11:09:50 [ToolkitLib] 
2014-07-29 11:09:50 [ToolkitLib] Existing entitlement data is written into: old-Entitlement.plist
2014-07-29 11:09:50 [ToolkitLib] Fixing appID in the new entitlement string...
2014-07-29 11:09:50 [ToolkitLib] new entitlement XML is <?xml version="1.0" encoding="UTF-8"?>
<!DOCTYPE plist PUBLIC "-//Apple//DTD PLIST 1.0//EN" "http://www.apple.com/DTDs/PropertyList-1.0.dtd">
<plist version="1.0">
<dict>
	<key>application-identifier</key>
	<string>WW98567843.com.apple.dts.MVCNetworking</string>
	<key>get-task-allow</key>
	<false/>
	<key>keychain-access-groups</key>
	<array>
		<string>WW98567843.com.apple.dts.MVCNetworking</string>
	</array>
</dict>
</plist>

2014-07-29 11:09:50 [ToolkitLib] Replacing WW98567843 to WW98567843
2014-07-29 11:09:50 [ToolkitLib] Final entitlement XML after string replacement is <?xml version="1.0" encoding="UTF-8"?>
<!DOCTYPE plist PUBLIC "-//Apple//DTD PLIST 1.0//EN" "http://www.apple.com/DTDs/PropertyList-1.0.dtd">
<plist version="1.0">
<dict>
	<key>application-identifier</key>
	<string>WW98567843.com.apple.dts.MVCNetworking</string>
	<key>get-task-allow</key>
	<false/>
	<key>keychain-access-groups</key>
	<array>
		<string>WW98567843.com.apple.dts.MVCNetworking</string>
	</array>
</dict>
</plist>

2014-07-29 11:09:50 [ToolkitLib] new entitlement data is written into :/var/folders/0c/0pljd5fd5sj0fcrtm8k5kgc00000gp/T/77955F1D-75FE-450D-A2E1-972B051C4F3D-6232-00000717C07AD5D4/new-entitlement.plist
2014-07-29 11:09:50 [CommandLine] 

Validating dylib......
------------------------------

2014-07-29 11:09:50 [ToolkitLib] Log: Successfully copied CitrixDyLib from /Applications/Citrix/MDXToolkit/Data/CitrixDylib.bundle to : /var/folders/0c/0pljd5fd5sj0fcrtm8k5kgc00000gp/T/77955F1D-75FE-450D-A2E1-972B051C4F3D-6232-00000717C07AD5D4/Payload/MVCNetworking.app/CitrixDylib.bundle
2014-07-29 11:09:50 [ToolkitLib] MachO binary does not contain arm64
2014-07-29 11:09:50 [CommandLine] 

Rebuilding app......
------------------------------

2014-07-29 11:09:50 [MachO Rebuild Lib] 369040 bytes loaded successfully from file '/var/folders/0c/0pljd5fd5sj0fcrtm8k5kgc00000gp/T/77955F1D-75FE-450D-A2E1-972B051C4F3D-6232-00000717C07AD5D4/Payload/MVCNetworking.app/MVCNetworking-orig'!
2014-07-29 11:09:50 [MachO Rebuild Lib] multi-architecture file
2014-07-29 11:09:50 [MachO Rebuild Lib]  ******** Architecture #1 is cpu type 12, cpu sub type 9 ********
2014-07-29 11:09:50 [MachO Rebuild Lib] Architecture header: number of commands = 26, size of commands = 0xcf0
2014-07-29 11:09:50 [MachO Rebuild Lib] Segment found: __PAGEZERO, fileoff: 0x4000, vmdaddr: 0x0, file size: 0x0
2014-07-29 11:09:50 [MachO Rebuild Lib] Creating placeholder section for segment __PAGEZERO
2014-07-29 11:09:50 [MachO Rebuild Lib] Name of placeholder section: __PAGEZERO, [virt addr = 0x0, offset = 0x0]]
2014-07-29 11:09:50 [MachO Rebuild Lib] Segment found: __TEXT, fileoff: 0x4000, vmdaddr: 0x4000, file size: 0x1c000
2014-07-29 11:09:50 [MachO Rebuild Lib] Section found: __text, real [0x4c90 0x141c4] virt [0x8c90 0x181c4] size [0xf534]
2014-07-29 11:09:50 [MachO Rebuild Lib] Section found: __stub_helper, real [0x141c4 0x145f0] virt [0x181c4 0x185f0] size [0x42c]
2014-07-29 11:09:50 [MachO Rebuild Lib] Section found: __objc_methname, real [0x145f0 0x188d2] virt [0x185f0 0x1c8d2] size [0x42e2]
2014-07-29 11:09:50 [MachO Rebuild Lib] Section found: __cstring, real [0x188d2 0x1afe7] virt [0x1c8d2 0x1efe7] size [0x2715]
2014-07-29 11:09:50 [MachO Rebuild Lib] Section found: __objc_classname__TEXT, real [0x1afe7 0x1b257] virt [0x1efe7 0x1f257] size [0x270]
2014-07-29 11:09:50 [MachO Rebuild Lib] Section found: __objc_methtype, real [0x1b257 0x1bdc0] virt [0x1f257 0x1fdc0] size [0xb69]
2014-07-29 11:09:50 [MachO Rebuild Lib] Section found: __const, real [0x1bdc0 0x1bdf0] virt [0x1fdc0 0x1fdf0] size [0x30]
2014-07-29 11:09:50 [MachO Rebuild Lib] Section found: __ustring, real [0x1bdf0 0x1be16] virt [0x1fdf0 0x1fe16] size [0x26]
2014-07-29 11:09:50 [MachO Rebuild Lib] Section found: __gcc_except_tab__TEXT, real [0x1be18 0x1bea0] virt [0x1fe18 0x1fea0] size [0x88]
2014-07-29 11:09:50 [MachO Rebuild Lib] Section found: __symbolstub1, real [0x1bea0 0x1bff8] virt [0x1fea0 0x1fff8] size [0x158]
2014-07-29 11:09:50 [MachO Rebuild Lib] Segment found: __DATA, fileoff: 0x20000, vmdaddr: 0x20000, file size: 0x8000
2014-07-29 11:09:50 [MachO Rebuild Lib] Section found: __lazy_symbol, real [0x1c000 0x1c158] virt [0x20000 0x20158] size [0x158]
2014-07-29 11:09:50 [MachO Rebuild Lib] Section found: __program_vars, real [0x1c158 0x1c16c] virt [0x20158 0x2016c] size [0x14]
2014-07-29 11:09:50 [MachO Rebuild Lib] Section found: __nl_symbol_ptr, real [0x1c16c 0x1c1f0] virt [0x2016c 0x201f0] size [0x84]
2014-07-29 11:09:50 [MachO Rebuild Lib] Section found: __objc_classlist__DATA, real [0x1c1f0 0x1c240] virt [0x201f0 0x20240] size [0x50]
2014-07-29 11:09:50 [MachO Rebuild Lib] Section found: __objc_nlclslist__DATA, real [0x1c240 0x1c244] virt [0x20240 0x20244] size [0x4]
2014-07-29 11:09:50 [MachO Rebuild Lib] Section found: __objc_protolist__DATA, real [0x1c244 0x1c270] virt [0x20244 0x20270] size [0x2c]
2014-07-29 11:09:50 [MachO Rebuild Lib] Section found: __objc_imageinfo__DATA, real [0x1c270 0x1c278] virt [0x20270 0x20278] size [0x8]
2014-07-29 11:09:50 [MachO Rebuild Lib] Section found: __objc_const, real [0x1c278 0x1f858] virt [0x20278 0x23858] size [0x35e0]
2014-07-29 11:09:50 [MachO Rebuild Lib] Section found: __objc_selrefs, real [0x1f858 0x201ac] virt [0x23858 0x241ac] size [0x954]
2014-07-29 11:09:50 [MachO Rebuild Lib] Section found: __objc_protorefs__DATA, real [0x201ac 0x201b4] virt [0x241ac 0x241b4] size [0x8]
2014-07-29 11:09:50 [MachO Rebuild Lib] Section found: __objc_classrefs__DATA, real [0x201b4 0x202d4] virt [0x241b4 0x242d4] size [0x120]
2014-07-29 11:09:50 [MachO Rebuild Lib] Section found: __objc_superrefs__DATA, real [0x202d4 0x2031c] virt [0x242d4 0x2431c] size [0x48]
2014-07-29 11:09:50 [MachO Rebuild Lib] Section found: __objc_data, real [0x2031c 0x20664] virt [0x2431c 0x24664] size [0x348]
2014-07-29 11:09:50 [MachO Rebuild Lib] Section found: __cfstring, real [0x20664 0x214b4] virt [0x24664 0x254b4] size [0xe50]
2014-07-29 11:09:50 [MachO Rebuild Lib] Section found: __objc_ivar, real [0x214b4 0x21684] virt [0x254b4 0x25684] size [0x1d0]
2014-07-29 11:09:50 [MachO Rebuild Lib] Section found: __data, real [0x21690 0x21910] virt [0x25690 0x25910] size [0x280]
2014-07-29 11:09:50 [MachO Rebuild Lib] Section found: __common, real [0x0 0x10] virt [0x25910 0x25920] size [0x10]
2014-07-29 11:09:50 [MachO Rebuild Lib] Section found: __bss, real [0x0 0x1c] virt [0x25920 0x2593c] size [0x1c]
2014-07-29 11:09:50 [MachO Rebuild Lib] Segment found: __LINKEDIT, fileoff: 0x28000, vmdaddr: 0x28000, file size: 0x61c0
2014-07-29 11:09:50 [MachO Rebuild Lib] Creating placeholder section for segment __LINKEDIT
2014-07-29 11:09:50 [MachO Rebuild Lib] Name of placeholder section: __LINKEDIT, [virt addr = 0x28000, offset = 0x28000]]
2014-07-29 11:09:50 [MachO Rebuild Lib] offset of LINKEDIT = 0x24000, offset of export section = 0x2570c, rel = 0x170c
2014-07-29 11:09:50 [MachO Rebuild Lib] PrefixTree: Terminal found, flags = 0x0, address = 0x0, index = 0x1a: [__mh_execute_header], [ptr to uleb128 = 0x0x7fd5db932e5a, NSValue ptr = 0x0x7fd5db90b770
2014-07-29 11:09:50 [MachO Rebuild Lib]  ******** Architecture #2 is cpu type 12, cpu sub type 11 ********
2014-07-29 11:09:50 [MachO Rebuild Lib] Architecture header: number of commands = 26, size of commands = 0xcf0
2014-07-29 11:09:50 [MachO Rebuild Lib] Segment found: __PAGEZERO, fileoff: 0x30000, vmdaddr: 0x0, file size: 0x0
2014-07-29 11:09:50 [MachO Rebuild Lib] Creating placeholder section for segment __PAGEZERO
2014-07-29 11:09:50 [MachO Rebuild Lib] Name of placeholder section: __PAGEZERO, [virt addr = 0x0, offset = 0x0]]
2014-07-29 11:09:50 [MachO Rebuild Lib] Segment found: __TEXT, fileoff: 0x30000, vmdaddr: 0x4000, file size: 0x1c000
2014-07-29 11:09:50 [MachO Rebuild Lib] Section found: __text, real [0x4cc8 0x141ca] virt [0x8cc8 0x181ca] size [0xf502]
2014-07-29 11:09:50 [MachO Rebuild Lib] Section found: __stub_helper, real [0x141cc 0x145ec] virt [0x181cc 0x185ec] size [0x420]
2014-07-29 11:09:50 [MachO Rebuild Lib] Section found: __objc_methname, real [0x145ec 0x188ce] virt [0x185ec 0x1c8ce] size [0x42e2]
2014-07-29 11:09:50 [MachO Rebuild Lib] Section found: __cstring, real [0x188ce 0x1afe3] virt [0x1c8ce 0x1efe3] size [0x2715]
2014-07-29 11:09:50 [MachO Rebuild Lib] Section found: __objc_classname__TEXT, real [0x1afe3 0x1b253] virt [0x1efe3 0x1f253] size [0x270]
2014-07-29 11:09:50 [MachO Rebuild Lib] Section found: __objc_methtype, real [0x1b253 0x1bdbc] virt [0x1f253 0x1fdbc] size [0xb69]
2014-07-29 11:09:50 [MachO Rebuild Lib] Section found: __const, real [0x1bdc0 0x1bdf0] virt [0x1fdc0 0x1fdf0] size [0x30]
2014-07-29 11:09:50 [MachO Rebuild Lib] Section found: __ustring, real [0x1bdf0 0x1be16] virt [0x1fdf0 0x1fe16] size [0x26]
2014-07-29 11:09:50 [MachO Rebuild Lib] Section found: __gcc_except_tab__TEXT, real [0x1be18 0x1bea0] virt [0x1fe18 0x1fea0] size [0x88]
2014-07-29 11:09:50 [MachO Rebuild Lib] Section found: __symbolstub1, real [0x1bea0 0x1bff4] virt [0x1fea0 0x1fff4] size [0x154]
2014-07-29 11:09:50 [MachO Rebuild Lib] Segment found: __DATA, fileoff: 0x4c000, vmdaddr: 0x20000, file size: 0x8000
2014-07-29 11:09:50 [MachO Rebuild Lib] Section found: __lazy_symbol, real [0x1c000 0x1c154] virt [0x20000 0x20154] size [0x154]
2014-07-29 11:09:50 [MachO Rebuild Lib] Section found: __program_vars, real [0x1c154 0x1c168] virt [0x20154 0x20168] size [0x14]
2014-07-29 11:09:50 [MachO Rebuild Lib] Section found: __nl_symbol_ptr, real [0x1c168 0x1c1ec] virt [0x20168 0x201ec] size [0x84]
2014-07-29 11:09:50 [MachO Rebuild Lib] Section found: __objc_classlist__DATA, real [0x1c1ec 0x1c23c] virt [0x201ec 0x2023c] size [0x50]
2014-07-29 11:09:50 [MachO Rebuild Lib] Section found: __objc_nlclslist__DATA, real [0x1c23c 0x1c240] virt [0x2023c 0x20240] size [0x4]
2014-07-29 11:09:50 [MachO Rebuild Lib] Section found: __objc_protolist__DATA, real [0x1c240 0x1c26c] virt [0x20240 0x2026c] size [0x2c]
2014-07-29 11:09:50 [MachO Rebuild Lib] Section found: __objc_imageinfo__DATA, real [0x1c26c 0x1c274] virt [0x2026c 0x20274] size [0x8]
2014-07-29 11:09:50 [MachO Rebuild Lib] Section found: __objc_const, real [0x1c278 0x1f858] virt [0x20278 0x23858] size [0x35e0]
2014-07-29 11:09:50 [MachO Rebuild Lib] Section found: __objc_selrefs, real [0x1f858 0x201ac] virt [0x23858 0x241ac] size [0x954]
2014-07-29 11:09:50 [MachO Rebuild Lib] Section found: __objc_protorefs__DATA, real [0x201ac 0x201b4] virt [0x241ac 0x241b4] size [0x8]
2014-07-29 11:09:50 [MachO Rebuild Lib] Section found: __objc_classrefs__DATA, real [0x201b4 0x202d4] virt [0x241b4 0x242d4] size [0x120]
2014-07-29 11:09:50 [MachO Rebuild Lib] Section found: __objc_superrefs__DATA, real [0x202d4 0x2031c] virt [0x242d4 0x2431c] size [0x48]
2014-07-29 11:09:50 [MachO Rebuild Lib] Section found: __objc_data, real [0x2031c 0x20664] virt [0x2431c 0x24664] size [0x348]
2014-07-29 11:09:50 [MachO Rebuild Lib] Section found: __cfstring, real [0x20664 0x214b4] virt [0x24664 0x254b4] size [0xe50]
2014-07-29 11:09:50 [MachO Rebuild Lib] Section found: __objc_ivar, real [0x214b4 0x21684] virt [0x254b4 0x25684] size [0x1d0]
2014-07-29 11:09:50 [MachO Rebuild Lib] Section found: __data, real [0x21690 0x21910] virt [0x25690 0x25910] size [0x280]
2014-07-29 11:09:50 [MachO Rebuild Lib] Section found: __common, real [0x0 0x10] virt [0x25910 0x25920] size [0x10]
2014-07-29 11:09:50 [MachO Rebuild Lib] Section found: __bss, real [0x0 0x1c] virt [0x25920 0x2593c] size [0x1c]
2014-07-29 11:09:50 [MachO Rebuild Lib] Segment found: __LINKEDIT, fileoff: 0x54000, vmdaddr: 0x28000, file size: 0x6190
2014-07-29 11:09:50 [MachO Rebuild Lib] Creating placeholder section for segment __LINKEDIT
2014-07-29 11:09:50 [MachO Rebuild Lib] Name of placeholder section: __LINKEDIT, [virt addr = 0x28000, offset = 0x28000]]
2014-07-29 11:09:50 [MachO Rebuild Lib] offset of LINKEDIT = 0x24000, offset of export section = 0x256fc, rel = 0x16fc
2014-07-29 11:09:50 [MachO Rebuild Lib] PrefixTree: Terminal found, flags = 0x0, address = 0x0, index = 0x1a: [__mh_execute_header], [ptr to uleb128 = 0x0x7fd5d9421a0a, NSValue ptr = 0x0x7fd5d941f3b0
2014-07-29 11:09:50 [MachO Rebuild Lib] WARNING: addCommand: multi-architecture file detected, command will be added to each architecture
2014-07-29 11:09:50 [MachO Rebuild Lib] Inserting new command at location 23/26, size is 80
2014-07-29 11:09:50 [MachO Rebuild Lib] Changing size of commands in header from 3312 to 3392
2014-07-29 11:09:50 [MachO Rebuild Lib] Commands [0xd40] are not overlapping with __text [0x4c90], nothing to adjust
2014-07-29 11:09:50 [MachO Rebuild Lib] Inserting new command at location 23/26, size is 80
2014-07-29 11:09:50 [MachO Rebuild Lib] Changing size of commands in header from 3312 to 3392
2014-07-29 11:09:50 [MachO Rebuild Lib] Commands [0xd40] are not overlapping with __text [0x4cc8], nothing to adjust
2014-07-29 11:09:50 [MachO Rebuild Lib] Section_LINKEDIT: setLibraryOrdinalForLazyBindSymbol: set ordinal of 12 for _SCNetworkReachabilityCreateWithAddress
2014-07-29 11:09:50 [MachO Rebuild Lib] Section_LINKEDIT: setLibraryOrdinalForLazyBindSymbol: set ordinal of 12 for _SCNetworkReachabilityCreateWithAddress
2014-07-29 11:09:50 [MachO Rebuild Lib] Section_LINKEDIT: setLibraryOrdinalForLazyBindSymbol: set ordinal of 12 for _SCNetworkReachabilityCreateWithAddressPair
2014-07-29 11:09:50 [MachO Rebuild Lib] Section_LINKEDIT: setLibraryOrdinalForLazyBindSymbol: set ordinal of 12 for _SCNetworkReachabilityCreateWithAddressPair
2014-07-29 11:09:50 [MachO Rebuild Lib] Section_LINKEDIT: setLibraryOrdinalForLazyBindSymbol: set ordinal of 12 for _SCNetworkReachabilityCreateWithName
2014-07-29 11:09:50 [MachO Rebuild Lib] Section_LINKEDIT: renameLazyBindSymbol: rename from _SCNetworkReachabilityCreateWithName to _SCNetworkReachabilityCreateWithNHK
2014-07-29 11:09:50 [MachO Rebuild Lib] Section_LINKEDIT: setLibraryOrdinalForLazyBindSymbol: set ordinal of 12 for _SCNetworkReachabilityCreateWithName
2014-07-29 11:09:50 [MachO Rebuild Lib] Section_LINKEDIT: renameLazyBindSymbol: rename from _SCNetworkReachabilityCreateWithName to _SCNetworkReachabilityCreateWithNHK
2014-07-29 11:09:50 [MachO Rebuild Lib] Section_LINKEDIT: setLibraryOrdinalForLazyBindSymbol: set ordinal of 12 for _SCNetworkReachabilityGetFlags
2014-07-29 11:09:50 [MachO Rebuild Lib] Section_LINKEDIT: setLibraryOrdinalForLazyBindSymbol: set ordinal of 12 for _SCNetworkReachabilityGetFlags
2014-07-29 11:09:50 [MachO Rebuild Lib] Section_LINKEDIT: setLibraryOrdinalForLazyBindSymbol: set ordinal of 12 for _SCNetworkReachabilityScheduleWithRunLoop
2014-07-29 11:09:50 [MachO Rebuild Lib] Section_LINKEDIT: renameLazyBindSymbol: rename from _SCNetworkReachabilityScheduleWithRunLoop to _SCNetworkReachabilityScheduleWithRunLHK
2014-07-29 11:09:50 [MachO Rebuild Lib] Section_LINKEDIT: setLibraryOrdinalForLazyBindSymbol: set ordinal of 12 for _SCNetworkReachabilityScheduleWithRunLoop
2014-07-29 11:09:50 [MachO Rebuild Lib] Section_LINKEDIT: renameLazyBindSymbol: rename from _SCNetworkReachabilityScheduleWithRunLoop to _SCNetworkReachabilityScheduleWithRunLHK
2014-07-29 11:09:50 [MachO Rebuild Lib] Section_LINKEDIT: setLibraryOrdinalForLazyBindSymbol: set ordinal of 12 for _SCNetworkReachabilityUnscheduleWithRunLoop
2014-07-29 11:09:50 [MachO Rebuild Lib] Section_LINKEDIT: setLibraryOrdinalForLazyBindSymbol: set ordinal of 12 for _SCNetworkReachabilityUnscheduleWithRunLoop
2014-07-29 11:09:50 [MachO Rebuild Lib] Section_LINKEDIT: setLibraryOrdinalForLazyBindSymbol: set ordinal of 12 for _SCNetworkReachabilitySetCallback
2014-07-29 11:09:50 [MachO Rebuild Lib] Section_LINKEDIT: renameLazyBindSymbol: rename from _SCNetworkReachabilitySetCallback to _SCNetworkReachabilitySetCallbHK
2014-07-29 11:09:50 [MachO Rebuild Lib] Section_LINKEDIT: setLibraryOrdinalForLazyBindSymbol: set ordinal of 12 for _SCNetworkReachabilitySetCallback
2014-07-29 11:09:50 [MachO Rebuild Lib] Section_LINKEDIT: renameLazyBindSymbol: rename from _SCNetworkReachabilitySetCallback to _SCNetworkReachabilitySetCallbHK
2014-07-29 11:09:50 [MachO Rebuild Lib] Section_LINKEDIT: setLibraryOrdinalForLazyBindSymbol: set ordinal of 12 for _connect
2014-07-29 11:09:50 [MachO Rebuild Lib] Section_LINKEDIT: setLibraryOrdinalForLazyBindSymbol: set ordinal of 12 for _connect
2014-07-29 11:09:50 [MachO Rebuild Lib] Section_LINKEDIT: setLibraryOrdinalForLazyBindSymbol: set ordinal of 12 for _bind
2014-07-29 11:09:50 [MachO Rebuild Lib] Section_LINKEDIT: setLibraryOrdinalForLazyBindSymbol: set ordinal of 12 for _bind
2014-07-29 11:09:50 [MachO Rebuild Lib] Section_LINKEDIT: setLibraryOrdinalForLazyBindSymbol: set ordinal of 12 for _gethostbyname
2014-07-29 11:09:50 [MachO Rebuild Lib] Section_LINKEDIT: setLibraryOrdinalForLazyBindSymbol: set ordinal of 12 for _gethostbyname
2014-07-29 11:09:50 [MachO Rebuild Lib] Section_LINKEDIT: setLibraryOrdinalForLazyBindSymbol: set ordinal of 12 for _sendto
2014-07-29 11:09:50 [MachO Rebuild Lib] Section_LINKEDIT: setLibraryOrdinalForLazyBindSymbol: set ordinal of 12 for _sendto
2014-07-29 11:09:50 [MachO Rebuild Lib] Section_LINKEDIT: setLibraryOrdinalForLazyBindSymbol: set ordinal of 12 for _recvfrom
2014-07-29 11:09:50 [MachO Rebuild Lib] Section_LINKEDIT: setLibraryOrdinalForLazyBindSymbol: set ordinal of 12 for _recvfrom
2014-07-29 11:09:50 [MachO Rebuild Lib] Section_LINKEDIT: setLibraryOrdinalForLazyBindSymbol: set ordinal of 12 for _res_query
2014-07-29 11:09:50 [MachO Rebuild Lib] Section_LINKEDIT: setLibraryOrdinalForLazyBindSymbol: set ordinal of 12 for _res_query
2014-07-29 11:09:50 [MachO Rebuild Lib] Section_LINKEDIT: setLibraryOrdinalForLazyBindSymbol: set ordinal of 12 for _gethostbyaddr
2014-07-29 11:09:50 [MachO Rebuild Lib] Section_LINKEDIT: setLibraryOrdinalForLazyBindSymbol: set ordinal of 12 for _gethostbyaddr
2014-07-29 11:09:50 [MachO Rebuild Lib] Section_LINKEDIT: setLibraryOrdinalForLazyBindSymbol: set ordinal of 12 for _CFHostCreateWithAddress
2014-07-29 11:09:50 [MachO Rebuild Lib] Section_LINKEDIT: setLibraryOrdinalForLazyBindSymbol: set ordinal of 12 for _CFHostCreateWithAddress
2014-07-29 11:09:50 [MachO Rebuild Lib] Section_LINKEDIT: setLibraryOrdinalForLazyBindSymbol: set ordinal of 12 for _CFHostCreateWithName
2014-07-29 11:09:50 [MachO Rebuild Lib] Section_LINKEDIT: setLibraryOrdinalForLazyBindSymbol: set ordinal of 12 for _CFHostCreateWithName
2014-07-29 11:09:50 [MachO Rebuild Lib] Section_LINKEDIT: setLibraryOrdinalForLazyBindSymbol: set ordinal of 12 for _CFHostStartInfoResolution
2014-07-29 11:09:50 [MachO Rebuild Lib] Section_LINKEDIT: setLibraryOrdinalForLazyBindSymbol: set ordinal of 12 for _CFHostStartInfoResolution
2014-07-29 11:09:50 [MachO Rebuild Lib] Section_LINKEDIT: setLibraryOrdinalForLazyBindSymbol: set ordinal of 12 for _CFHostScheduleWithRunLoop
2014-07-29 11:09:50 [MachO Rebuild Lib] Section_LINKEDIT: setLibraryOrdinalForLazyBindSymbol: set ordinal of 12 for _CFHostScheduleWithRunLoop
2014-07-29 11:09:50 [MachO Rebuild Lib] Section_LINKEDIT: setLibraryOrdinalForLazyBindSymbol: set ordinal of 12 for _CFHostSetClient
2014-07-29 11:09:50 [MachO Rebuild Lib] Section_LINKEDIT: setLibraryOrdinalForLazyBindSymbol: set ordinal of 12 for _CFHostSetClient
2014-07-29 11:09:50 [MachO Rebuild Lib] Section_LINKEDIT: setLibraryOrdinalForLazyBindSymbol: set ordinal of 12 for _CFHostGetAddressing
2014-07-29 11:09:50 [MachO Rebuild Lib] Section_LINKEDIT: setLibraryOrdinalForLazyBindSymbol: set ordinal of 12 for _CFHostGetAddressing
2014-07-29 11:09:50 [MachO Rebuild Lib] Section_LINKEDIT: setLibraryOrdinalForLazyBindSymbol: set ordinal of 12 for _CFHostUnscheduleFromRunLoop
2014-07-29 11:09:50 [MachO Rebuild Lib] Section_LINKEDIT: setLibraryOrdinalForLazyBindSymbol: set ordinal of 12 for _CFHostUnscheduleFromRunLoop
2014-07-29 11:09:50 [MachO Rebuild Lib] Section_LINKEDIT: setLibraryOrdinalForLazyBindSymbol: set ordinal of 12 for _CFHostCancelInfoResolution
2014-07-29 11:09:50 [MachO Rebuild Lib] Section_LINKEDIT: setLibraryOrdinalForLazyBindSymbol: set ordinal of 12 for _CFHostCancelInfoResolution
2014-07-29 11:09:50 [MachO Rebuild Lib] Section_LINKEDIT: setLibraryOrdinalForLazyBindSymbol: set ordinal of 12 for _CFStreamCreatePairWithSocket
2014-07-29 11:09:50 [MachO Rebuild Lib] Section_LINKEDIT: setLibraryOrdinalForLazyBindSymbol: set ordinal of 12 for _CFStreamCreatePairWithSocket
2014-07-29 11:09:50 [MachO Rebuild Lib] Section_LINKEDIT: setLibraryOrdinalForLazyBindSymbol: set ordinal of 12 for _CFStreamCreatePairWithSocketToHost
2014-07-29 11:09:50 [MachO Rebuild Lib] Section_LINKEDIT: setLibraryOrdinalForLazyBindSymbol: set ordinal of 12 for _CFStreamCreatePairWithSocketToHost
2014-07-29 11:09:50 [MachO Rebuild Lib] Section_LINKEDIT: setLibraryOrdinalForLazyBindSymbol: set ordinal of 12 for _CFStreamCreatePairWithSocketToCFHost
2014-07-29 11:09:50 [MachO Rebuild Lib] Section_LINKEDIT: setLibraryOrdinalForLazyBindSymbol: set ordinal of 12 for _CFStreamCreatePairWithSocketToCFHost
2014-07-29 11:09:50 [MachO Rebuild Lib] Section_LINKEDIT: setLibraryOrdinalForLazyBindSymbol: set ordinal of 12 for _CFStreamCreatePairWithPeerSocketSignature
2014-07-29 11:09:50 [MachO Rebuild Lib] Section_LINKEDIT: setLibraryOrdinalForLazyBindSymbol: set ordinal of 12 for _CFStreamCreatePairWithPeerSocketSignature
2014-07-29 11:09:50 [MachO Rebuild Lib] Section_LINKEDIT: setLibraryOrdinalForLazyBindSymbol: set ordinal of 12 for _CFReadStreamSetProperty
2014-07-29 11:09:50 [MachO Rebuild Lib] Section_LINKEDIT: setLibraryOrdinalForLazyBindSymbol: set ordinal of 12 for _CFReadStreamSetProperty
2014-07-29 11:09:50 [MachO Rebuild Lib] Section_LINKEDIT: setLibraryOrdinalForLazyBindSymbol: set ordinal of 12 for _CFWriteStreamSetProperty
2014-07-29 11:09:50 [MachO Rebuild Lib] Section_LINKEDIT: setLibraryOrdinalForLazyBindSymbol: set ordinal of 12 for _CFWriteStreamSetProperty
2014-07-29 11:09:50 [MachO Rebuild Lib] Section_LINKEDIT: setLibraryOrdinalForLazyBindSymbol: set ordinal of 12 for _CFReadStreamCreateForHTTPRequest
2014-07-29 11:09:50 [MachO Rebuild Lib] Section_LINKEDIT: setLibraryOrdinalForLazyBindSymbol: set ordinal of 12 for _CFReadStreamCreateForHTTPRequest
2014-07-29 11:09:50 [MachO Rebuild Lib] Section_LINKEDIT: setLibraryOrdinalForLazyBindSymbol: set ordinal of 12 for _CFReadStreamCreateForStreamedHTTPRequest
2014-07-29 11:09:50 [MachO Rebuild Lib] Section_LINKEDIT: setLibraryOrdinalForLazyBindSymbol: set ordinal of 12 for _CFReadStreamCreateForStreamedHTTPRequest
2014-07-29 11:09:50 [MachO Rebuild Lib] Section_LINKEDIT: setLibraryOrdinalForLazyBindSymbol: set ordinal of 12 for _CFWriteStreamGetError
2014-07-29 11:09:50 [MachO Rebuild Lib] Section_LINKEDIT: setLibraryOrdinalForLazyBindSymbol: set ordinal of 12 for _CFWriteStreamGetError
2014-07-29 11:09:50 [MachO Rebuild Lib] Section_LINKEDIT: setLibraryOrdinalForLazyBindSymbol: set ordinal of 12 for _CFWriteStreamCopyError
2014-07-29 11:09:50 [MachO Rebuild Lib] Section_LINKEDIT: setLibraryOrdinalForLazyBindSymbol: set ordinal of 12 for _CFWriteStreamCopyError
2014-07-29 11:09:50 [MachO Rebuild Lib] Section_LINKEDIT: setLibraryOrdinalForLazyBindSymbol: set ordinal of 12 for _CFReadStreamGetError
2014-07-29 11:09:50 [MachO Rebuild Lib] Section_LINKEDIT: setLibraryOrdinalForLazyBindSymbol: set ordinal of 12 for _CFReadStreamGetError
2014-07-29 11:09:50 [MachO Rebuild Lib] Section_LINKEDIT: setLibraryOrdinalForLazyBindSymbol: set ordinal of 12 for _CFReadStreamCopyError
2014-07-29 11:09:50 [MachO Rebuild Lib] Section_LINKEDIT: setLibraryOrdinalForLazyBindSymbol: set ordinal of 12 for _CFReadStreamCopyError
2014-07-29 11:09:50 [MachO Rebuild Lib] Section_LINKEDIT: setLibraryOrdinalForLazyBindSymbol: set ordinal of 12 for _CFNetworkCopySystemProxySettings
2014-07-29 11:09:50 [MachO Rebuild Lib] Section_LINKEDIT: setLibraryOrdinalForLazyBindSymbol: set ordinal of 12 for _CFNetworkCopySystemProxySettings
2014-07-29 11:09:50 [MachO Rebuild Lib] Section_LINKEDIT: setLibraryOrdinalForLazyBindSymbol: set ordinal of 12 for _CFNetworkCopyProxiesForURL
2014-07-29 11:09:50 [MachO Rebuild Lib] Section_LINKEDIT: setLibraryOrdinalForLazyBindSymbol: set ordinal of 12 for _CFNetworkCopyProxiesForURL
2014-07-29 11:09:50 [MachO Rebuild Lib] Section_LINKEDIT: setLibraryOrdinalForLazyBindSymbol: set ordinal of 12 for _CFWriteStreamOpen
2014-07-29 11:09:50 [MachO Rebuild Lib] Section_LINKEDIT: setLibraryOrdinalForLazyBindSymbol: set ordinal of 12 for _CFWriteStreamOpen
2014-07-29 11:09:50 [MachO Rebuild Lib] Section_LINKEDIT: setLibraryOrdinalForLazyBindSymbol: set ordinal of 12 for _CFReadStreamOpen
2014-07-29 11:09:50 [MachO Rebuild Lib] Section_LINKEDIT: setLibraryOrdinalForLazyBindSymbol: set ordinal of 12 for _CFReadStreamOpen
2014-07-29 11:09:50 [MachO Rebuild Lib] Section_LINKEDIT: setLibraryOrdinalForLazyBindSymbol: set ordinal of 12 for _CFSocketCreate
2014-07-29 11:09:50 [MachO Rebuild Lib] Section_LINKEDIT: setLibraryOrdinalForLazyBindSymbol: set ordinal of 12 for _CFSocketCreate
2014-07-29 11:09:50 [MachO Rebuild Lib] Section_LINKEDIT: setLibraryOrdinalForLazyBindSymbol: set ordinal of 12 for _CFSocketConnectToAddress
2014-07-29 11:09:50 [MachO Rebuild Lib] Section_LINKEDIT: setLibraryOrdinalForLazyBindSymbol: set ordinal of 12 for _CFSocketConnectToAddress
2014-07-29 11:09:50 [MachO Rebuild Lib] Section_LINKEDIT: setLibraryOrdinalForLazyBindSymbol: set ordinal of 12 for _CFSocketSendData
2014-07-29 11:09:50 [MachO Rebuild Lib] Section_LINKEDIT: setLibraryOrdinalForLazyBindSymbol: set ordinal of 12 for _CFSocketSendData
2014-07-29 11:09:50 [MachO Rebuild Lib] Section_LINKEDIT: setLibraryOrdinalForLazyBindSymbol: set ordinal of 12 for _CFSocketCreateRunLoopSource
2014-07-29 11:09:50 [MachO Rebuild Lib] Section_LINKEDIT: setLibraryOrdinalForLazyBindSymbol: set ordinal of 12 for _CFSocketCreateRunLoopSource
2014-07-29 11:09:50 [MachO Rebuild Lib] Section_LINKEDIT: setLibraryOrdinalForLazyBindSymbol: set ordinal of 12 for _CFSocketInvalidate
2014-07-29 11:09:50 [MachO Rebuild Lib] Section_LINKEDIT: setLibraryOrdinalForLazyBindSymbol: set ordinal of 12 for _CFSocketInvalidate
2014-07-29 11:09:50 [MachO Rebuild Lib] Section_LINKEDIT: setLibraryOrdinalForLazyBindSymbol: set ordinal of 12 for _CFReadStreamCreateWithFTPURL
2014-07-29 11:09:50 [MachO Rebuild Lib] Section_LINKEDIT: setLibraryOrdinalForLazyBindSymbol: set ordinal of 12 for _CFReadStreamCreateWithFTPURL
2014-07-29 11:09:50 [MachO Rebuild Lib] Section_LINKEDIT: setLibraryOrdinalForLazyBindSymbol: set ordinal of 12 for _CFWriteStreamCreateWithFTPURL
2014-07-29 11:09:50 [MachO Rebuild Lib] Section_LINKEDIT: setLibraryOrdinalForLazyBindSymbol: set ordinal of 12 for _CFWriteStreamCreateWithFTPURL
2014-07-29 11:09:50 [MachO Rebuild Lib] Section_LINKEDIT: setLibraryOrdinalForLazyBindSymbol: set ordinal of 12 for _AudioUnitSetProperty
2014-07-29 11:09:50 [MachO Rebuild Lib] Section_LINKEDIT: setLibraryOrdinalForLazyBindSymbol: set ordinal of 12 for _AudioUnitSetProperty
2014-07-29 11:09:50 [MachO Rebuild Lib] Section_LINKEDIT: setLibraryOrdinalForLazyBindSymbol: set ordinal of 12 for _AudioUnitRender
2014-07-29 11:09:50 [MachO Rebuild Lib] Section_LINKEDIT: setLibraryOrdinalForLazyBindSymbol: set ordinal of 12 for _AudioUnitRender
2014-07-29 11:09:50 [MachO Rebuild Lib] MachOCommand: fillData: cmd 1 at location 0x401c, size 56 (filesize = 0x0)

2014-07-29 11:09:50 [MachO Rebuild Lib] MachOCommand: fillData: cmd 1 at location 0x4054, size 56 (filesize = 0x1c000)

2014-07-29 11:09:50 [MachO Rebuild Lib] MachOCommand: fillData: cmd 1 at location 0x4334, size 56 (filesize = 0x8000)

2014-07-29 11:09:50 [MachO Rebuild Lib] MachOCommand: fillData: cmd 1 at location 0x4834, size 56 (filesize = 0x61c0)

2014-07-29 11:09:50 [MachO Rebuild Lib] fillData on section __PAGEZERO: archStart = 0x4000, location = 0x4000, size = 0x0
2014-07-29 11:09:50 [MachO Rebuild Lib] fillData on section __text: archStart = 0x4000, location = 0x8c90, size = 0xf534
2014-07-29 11:09:50 [MachO Rebuild Lib] fillData on section __stub_helper: archStart = 0x4000, location = 0x181c4, size = 0x42c
2014-07-29 11:09:50 [MachO Rebuild Lib] fillData on section __objc_methname: archStart = 0x4000, location = 0x185f0, size = 0x42e2
2014-07-29 11:09:50 [MachO Rebuild Lib] fillData on section __cstring: archStart = 0x4000, location = 0x1c8d2, size = 0x2715
2014-07-29 11:09:50 [MachO Rebuild Lib] fillData on section __objc_classname__TEXT: archStart = 0x4000, location = 0x1efe7, size = 0x270
2014-07-29 11:09:50 [MachO Rebuild Lib] fillData on section __objc_methtype: archStart = 0x4000, location = 0x1f257, size = 0xb69
2014-07-29 11:09:50 [MachO Rebuild Lib] fillData on section __const: archStart = 0x4000, location = 0x1fdc0, size = 0x30
2014-07-29 11:09:50 [MachO Rebuild Lib] fillData on section __ustring: archStart = 0x4000, location = 0x1fdf0, size = 0x26
2014-07-29 11:09:50 [MachO Rebuild Lib] fillData on section __gcc_except_tab__TEXT: archStart = 0x4000, location = 0x1fe18, size = 0x88
2014-07-29 11:09:50 [MachO Rebuild Lib] fillData on section __symbolstub1: archStart = 0x4000, location = 0x1fea0, size = 0x158
2014-07-29 11:09:50 [MachO Rebuild Lib] fillData on section __lazy_symbol: archStart = 0x4000, location = 0x20000, size = 0x158
2014-07-29 11:09:50 [MachO Rebuild Lib] fillData on section __program_vars: archStart = 0x4000, location = 0x20158, size = 0x14
2014-07-29 11:09:50 [MachO Rebuild Lib] fillData on section __nl_symbol_ptr: archStart = 0x4000, location = 0x2016c, size = 0x84
2014-07-29 11:09:50 [MachO Rebuild Lib] fillData on section __objc_classlist__DATA: archStart = 0x4000, location = 0x201f0, size = 0x50
2014-07-29 11:09:50 [MachO Rebuild Lib] fillData on section __objc_nlclslist__DATA: archStart = 0x4000, location = 0x20240, size = 0x4
2014-07-29 11:09:50 [MachO Rebuild Lib] fillData on section __objc_protolist__DATA: archStart = 0x4000, location = 0x20244, size = 0x2c
2014-07-29 11:09:50 [MachO Rebuild Lib] fillData on section __objc_imageinfo__DATA: archStart = 0x4000, location = 0x20270, size = 0x8
2014-07-29 11:09:50 [MachO Rebuild Lib] fillData on section __objc_const: archStart = 0x4000, location = 0x20278, size = 0x35e0
2014-07-29 11:09:50 [MachO Rebuild Lib] fillData on section __objc_selrefs: archStart = 0x4000, location = 0x23858, size = 0x954
2014-07-29 11:09:50 [MachO Rebuild Lib] fillData on section __objc_protorefs__DATA: archStart = 0x4000, location = 0x241ac, size = 0x8
2014-07-29 11:09:50 [MachO Rebuild Lib] fillData on section __objc_classrefs__DATA: archStart = 0x4000, location = 0x241b4, size = 0x120
2014-07-29 11:09:50 [MachO Rebuild Lib] fillData on section __objc_superrefs__DATA: archStart = 0x4000, location = 0x242d4, size = 0x48
2014-07-29 11:09:50 [MachO Rebuild Lib] fillData on section __objc_data: archStart = 0x4000, location = 0x2431c, size = 0x348
2014-07-29 11:09:50 [MachO Rebuild Lib] fillData on section __cfstring: archStart = 0x4000, location = 0x24664, size = 0xe50
2014-07-29 11:09:50 [MachO Rebuild Lib] fillData on section __objc_ivar: archStart = 0x4000, location = 0x254b4, size = 0x1d0
2014-07-29 11:09:50 [MachO Rebuild Lib] fillData on section __data: archStart = 0x4000, location = 0x25690, size = 0x280
2014-07-29 11:09:50 [MachO Rebuild Lib] IGNORING fillData on section __common  (due to S_ZEROFILL flag): archStart = 0x4000, location = 0x4000, size = 0x10
2014-07-29 11:09:50 [MachO Rebuild Lib] IGNORING fillData on section __bss  (due to S_ZEROFILL flag): archStart = 0x4000, location = 0x4000, size = 0x1c
2014-07-29 11:09:50 [MachO Rebuild Lib] fillData on section __LINKEDIT: archStart = 0x4000, location = 0x28000, size = 0x61c0
2014-07-29 11:09:50 [MachO Rebuild Lib] fillData on BindSequence: archStart = 0x4000, location = 0x28e5c, size = 0x8b0
2014-07-29 11:09:50 [MachO Rebuild Lib] fillData on BindSequence: archStart = 0x4000, location = 0x28000, size = 0xe5c
2014-07-29 11:09:50 [MachO Rebuild Lib] fillData on FunctionStarts: archStart = 0x4000, location = 0x29778, size = 0x254
2014-07-29 11:09:50 [MachO Rebuild Lib] MachOCommand: fillData: cmd 1 at location 0x3001c, size 56 (filesize = 0x0)

2014-07-29 11:09:50 [MachO Rebuild Lib] MachOCommand: fillData: cmd 1 at location 0x30054, size 56 (filesize = 0x1c000)

2014-07-29 11:09:50 [MachO Rebuild Lib] MachOCommand: fillData: cmd 1 at location 0x30334, size 56 (filesize = 0x8000)

2014-07-29 11:09:50 [MachO Rebuild Lib] MachOCommand: fillData: cmd 1 at location 0x30834, size 56 (filesize = 0x6190)

2014-07-29 11:09:50 [MachO Rebuild Lib] fillData on section __PAGEZERO: archStart = 0x30000, location = 0x30000, size = 0x0
2014-07-29 11:09:50 [MachO Rebuild Lib] fillData on section __text: archStart = 0x30000, location = 0x34cc8, size = 0xf502
2014-07-29 11:09:50 [MachO Rebuild Lib] fillData on section __stub_helper: archStart = 0x30000, location = 0x441cc, size = 0x420
2014-07-29 11:09:50 [MachO Rebuild Lib] fillData on section __objc_methname: archStart = 0x30000, location = 0x445ec, size = 0x42e2
2014-07-29 11:09:50 [MachO Rebuild Lib] fillData on section __cstring: archStart = 0x30000, location = 0x488ce, size = 0x2715
2014-07-29 11:09:50 [MachO Rebuild Lib] fillData on section __objc_classname__TEXT: archStart = 0x30000, location = 0x4afe3, size = 0x270
2014-07-29 11:09:50 [MachO Rebuild Lib] fillData on section __objc_methtype: archStart = 0x30000, location = 0x4b253, size = 0xb69
2014-07-29 11:09:50 [MachO Rebuild Lib] fillData on section __const: archStart = 0x30000, location = 0x4bdc0, size = 0x30
2014-07-29 11:09:50 [MachO Rebuild Lib] fillData on section __ustring: archStart = 0x30000, location = 0x4bdf0, size = 0x26
2014-07-29 11:09:50 [MachO Rebuild Lib] fillData on section __gcc_except_tab__TEXT: archStart = 0x30000, location = 0x4be18, size = 0x88
2014-07-29 11:09:50 [MachO Rebuild Lib] fillData on section __symbolstub1: archStart = 0x30000, location = 0x4bea0, size = 0x154
2014-07-29 11:09:50 [MachO Rebuild Lib] fillData on section __lazy_symbol: archStart = 0x30000, location = 0x4c000, size = 0x154
2014-07-29 11:09:50 [MachO Rebuild Lib] fillData on section __program_vars: archStart = 0x30000, location = 0x4c154, size = 0x14
2014-07-29 11:09:50 [MachO Rebuild Lib] fillData on section __nl_symbol_ptr: archStart = 0x30000, location = 0x4c168, size = 0x84
2014-07-29 11:09:50 [MachO Rebuild Lib] fillData on section __objc_classlist__DATA: archStart = 0x30000, location = 0x4c1ec, size = 0x50
2014-07-29 11:09:50 [MachO Rebuild Lib] fillData on section __objc_nlclslist__DATA: archStart = 0x30000, location = 0x4c23c, size = 0x4
2014-07-29 11:09:50 [MachO Rebuild Lib] fillData on section __objc_protolist__DATA: archStart = 0x30000, location = 0x4c240, size = 0x2c
2014-07-29 11:09:50 [MachO Rebuild Lib] fillData on section __objc_imageinfo__DATA: archStart = 0x30000, location = 0x4c26c, size = 0x8
2014-07-29 11:09:50 [MachO Rebuild Lib] fillData on section __objc_const: archStart = 0x30000, location = 0x4c278, size = 0x35e0
2014-07-29 11:09:50 [MachO Rebuild Lib] fillData on section __objc_selrefs: archStart = 0x30000, location = 0x4f858, size = 0x954
2014-07-29 11:09:50 [MachO Rebuild Lib] fillData on section __objc_protorefs__DATA: archStart = 0x30000, location = 0x501ac, size = 0x8
2014-07-29 11:09:50 [MachO Rebuild Lib] fillData on section __objc_classrefs__DATA: archStart = 0x30000, location = 0x501b4, size = 0x120
2014-07-29 11:09:50 [MachO Rebuild Lib] fillData on section __objc_superrefs__DATA: archStart = 0x30000, location = 0x502d4, size = 0x48
2014-07-29 11:09:50 [MachO Rebuild Lib] fillData on section __objc_data: archStart = 0x30000, location = 0x5031c, size = 0x348
2014-07-29 11:09:50 [MachO Rebuild Lib] fillData on section __cfstring: archStart = 0x30000, location = 0x50664, size = 0xe50
2014-07-29 11:09:50 [MachO Rebuild Lib] fillData on section __objc_ivar: archStart = 0x30000, location = 0x514b4, size = 0x1d0
2014-07-29 11:09:50 [MachO Rebuild Lib] fillData on section __data: archStart = 0x30000, location = 0x51690, size = 0x280
2014-07-29 11:09:50 [MachO Rebuild Lib] IGNORING fillData on section __common  (due to S_ZEROFILL flag): archStart = 0x30000, location = 0x30000, size = 0x10
2014-07-29 11:09:50 [MachO Rebuild Lib] IGNORING fillData on section __bss  (due to S_ZEROFILL flag): archStart = 0x30000, location = 0x30000, size = 0x1c
2014-07-29 11:09:50 [MachO Rebuild Lib] fillData on section __LINKEDIT: archStart = 0x30000, location = 0x54000, size = 0x6190
2014-07-29 11:09:50 [MachO Rebuild Lib] fillData on BindSequence: archStart = 0x30000, location = 0x54e5c, size = 0x8a0
2014-07-29 11:09:50 [MachO Rebuild Lib] fillData on BindSequence: archStart = 0x30000, location = 0x54000, size = 0xe5c
2014-07-29 11:09:50 [MachO Rebuild Lib] fillData on FunctionStarts: archStart = 0x30000, location = 0x55768, size = 0x254
2014-07-29 11:09:50 [MachO Rebuild Lib] Writing 369040 bytes to /var/folders/0c/0pljd5fd5sj0fcrtm8k5kgc00000gp/T/77955F1D-75FE-450D-A2E1-972B051C4F3D-6232-00000717C07AD5D4/Payload/MVCNetworking.app/MVCNetworking
2014-07-29 11:09:50 [CommandLine] 

Copying resource files......
------------------------------

2014-07-29 11:09:50 [CommandLine] 

Generating manifest xml......
------------------------------

2014-07-29 11:09:50 [CommandLine] 

Copying icon files......
------------------------------

2014-07-29 11:09:50 [CommandLine] 

Code signing......
------------------------------

2014-07-29 11:09:51 [ToolkitLib] 
2014-07-29 11:09:51 [ToolkitLib] 
2014-07-29 11:09:51 [CommandLine] 

Generating ipa file......
------------------------------

2014-07-29 11:09:52 [ToolkitLib] 
2014-07-29 11:09:52 [ToolkitLib] Generated output ipa file at: /var/folders/0c/0pljd5fd5sj0fcrtm8k5kgc00000gp/T/77955F1D-75FE-450D-A2E1-972B051C4F3D-6232-00000717C07AD5D4/CITRIX_PACKAGE/MVCNetworking.ipa
2014-07-29 11:09:52 [ToolkitLib]     cryptid   0
    cryptid   0

2014-07-29 11:09:52 [CommandLine] 

Generating package file......
------------------------------

2014-07-29 11:09:52 [ToolkitLib] 
2014-07-29 11:09:52 [ToolkitLib] Generated output ipa file at: /var/folders/0c/0pljd5fd5sj0fcrtm8k5kgc00000gp/T/77955F1D-75FE-450D-A2E1-972B051C4F3D-6232-00000717C07AD5D4/CITRIX_PACKAGE/DE615A1B-E7DC-4869-ABE3-6780628532D1-6232-000007184FE1DE97.zip
2014-07-29 11:09:52 [ToolkitLib] WARNING! The target file already exists. Deleting original file.
2014-07-29 11:09:52 [CommandLine] 
********Citrix mobile app was created successfully.********




